mode: set
github.com/mcubik/goverreport/main.go:31.13,37.2 5 1
github.com/mcubik/goverreport/main.go:39.13,44.16 3 0
github.com/mcubik/goverreport/main.go:44.16,47.3 2 0
github.com/mcubik/goverreport/main.go:48.2,49.16 2 0
github.com/mcubik/goverreport/main.go:49.16,52.3 2 0
github.com/mcubik/goverreport/main.go:53.2,53.13 1 0
github.com/mcubik/goverreport/main.go:53.13,55.3 1 0
github.com/mcubik/goverreport/main.go:59.80,62.23 1 1
github.com/mcubik/goverreport/main.go:62.23,64.3 1 1
github.com/mcubik/goverreport/main.go:65.2,65.25 1 1
github.com/mcubik/goverreport/main.go:65.25,67.3 1 1
github.com/mcubik/goverreport/main.go:69.2,70.16 2 1
github.com/mcubik/goverreport/main.go:70.16,72.3 1 0
github.com/mcubik/goverreport/main.go:73.2,75.16 3 1
github.com/mcubik/goverreport/main.go:75.16,77.3 1 1
github.com/mcubik/goverreport/main.go:78.2,78.20 1 1
github.com/mcubik/goverreport/main.go:82.57,87.16 3 1
github.com/mcubik/goverreport/main.go:87.16,88.26 1 1
github.com/mcubik/goverreport/main.go:88.26,90.4 1 0
github.com/mcubik/goverreport/main.go:91.3,92.53 1 1
github.com/mcubik/goverreport/main.go:92.53,94.4 1 0
github.com/mcubik/goverreport/main.go:96.2,96.18 1 1
github.com/mcubik/goverreport/main.go:102.103,103.19 1 1
github.com/mcubik/goverreport/main.go:103.19,104.24 1 1
github.com/mcubik/goverreport/main.go:105.16,106.39 1 1
github.com/mcubik/goverreport/main.go:106.39,108.5 1 1
github.com/mcubik/goverreport/main.go:109.15,110.38 1 1
github.com/mcubik/goverreport/main.go:110.38,112.5 1 0
github.com/mcubik/goverreport/main.go:113.11,114.73 1 1
github.com/mcubik/goverreport/main.go:117.2,117.18 1 1
github.com/mcubik/goverreport/main.go:121.62,126.44 3 1
github.com/mcubik/goverreport/main.go:126.44,128.3 1 1
github.com/mcubik/goverreport/main.go:129.2,130.16 2 1
github.com/mcubik/goverreport/main.go:135.46,144.2 1 1
github.com/mcubik/goverreport/report/report.go:28.119,30.16 2 1
github.com/mcubik/goverreport/report/report.go:30.16,32.3 1 1
github.com/mcubik/goverreport/report/report.go:33.2,35.35 3 1
github.com/mcubik/goverreport/report/report.go:35.35,37.17 2 1
github.com/mcubik/goverreport/report/report.go:37.17,39.4 1 1
github.com/mcubik/goverreport/report/report.go:39.4,41.4 1 0
github.com/mcubik/goverreport/report/report.go:42.3,43.40 2 1
github.com/mcubik/goverreport/report/report.go:43.40,44.46 1 0
github.com/mcubik/goverreport/report/report.go:44.46,46.5 1 0
github.com/mcubik/goverreport/report/report.go:48.3,48.11 1 1
github.com/mcubik/goverreport/report/report.go:48.11,49.12 1 0
github.com/mcubik/goverreport/report/report.go:51.3,52.10 2 1
github.com/mcubik/goverreport/report/report.go:52.10,55.4 2 1
github.com/mcubik/goverreport/report/report.go:56.3,56.40 1 1
github.com/mcubik/goverreport/report/report.go:56.40,59.4 2 1
github.com/mcubik/goverreport/report/report.go:61.2,61.54 1 1
github.com/mcubik/goverreport/report/report.go:65.111,67.40 2 1
github.com/mcubik/goverreport/report/report.go:67.40,69.3 1 1
github.com/mcubik/goverreport/report/report.go:70.2,70.64 1 1
github.com/mcubik/goverreport/report/report.go:70.64,72.3 1 0
github.com/mcubik/goverreport/report/report.go:73.2,75.27 1 1
github.com/mcubik/goverreport/report/report.go:84.55,87.21 3 1
github.com/mcubik/goverreport/report/report.go:87.21,90.3 2 1
github.com/mcubik/goverreport/report/report.go:93.42,102.2 1 1
github.com/mcubik/goverreport/report/report.go:107.75,110.15 3 1
github.com/mcubik/goverreport/report/report.go:111.13,112.18 1 1
github.com/mcubik/goverreport/report/report.go:113.14,114.17 1 1
github.com/mcubik/goverreport/report/report.go:115.10,116.56 1 1
github.com/mcubik/goverreport/report/report.go:118.2,118.14 1 1
github.com/mcubik/goverreport/report/report.go:119.18,120.30 1 1
github.com/mcubik/goverreport/report/report.go:120.30,122.4 1 1
github.com/mcubik/goverreport/report/report.go:123.15,124.30 1 1
github.com/mcubik/goverreport/report/report.go:124.30,126.4 1 1
github.com/mcubik/goverreport/report/report.go:127.14,128.30 1 1
github.com/mcubik/goverreport/report/report.go:128.30,130.4 1 1
github.com/mcubik/goverreport/report/report.go:131.24,132.30 1 1
github.com/mcubik/goverreport/report/report.go:132.30,134.4 1 1
github.com/mcubik/goverreport/report/report.go:135.23,136.30 1 1
github.com/mcubik/goverreport/report/report.go:136.30,138.4 1 1
github.com/mcubik/goverreport/report/report.go:139.10,140.113 1 1
github.com/mcubik/goverreport/report/report.go:142.2,142.42 1 1
github.com/mcubik/goverreport/report/report.go:142.42,143.14 1 1
github.com/mcubik/goverreport/report/report.go:143.14,145.4 1 1
github.com/mcubik/goverreport/report/report.go:145.4,147.4 1 1
github.com/mcubik/goverreport/report/report.go:149.2,149.12 1 1
