mode: set
github.com/mcubik/test-project/src/api/admin.go:24.68,35.2 7 1
github.com/mcubik/test-project/src/api/admin.go:37.49,39.50 2 1
github.com/mcubik/test-project/src/api/admin.go:39.50,40.43 1 0
github.com/mcubik/test-project/src/api/admin.go:40.43,43.4 2 0
github.com/mcubik/test-project/src/api/admin.go:44.3,45.9 2 0
github.com/mcubik/test-project/src/api/admin.go:47.2,47.29 1 1
github.com/mcubik/test-project/src/api/admin.go:50.47,52.16 2 1
github.com/mcubik/test-project/src/api/admin.go:52.16,55.3 2 0
github.com/mcubik/test-project/src/api/admin.go:56.2,56.21 1 1
github.com/mcubik/test-project/src/api/admin.go:59.46,61.31 2 1
github.com/mcubik/test-project/src/api/admin.go:61.31,62.59 1 1
github.com/mcubik/test-project/src/api/admin.go:62.59,63.44 1 1
github.com/mcubik/test-project/src/api/admin.go:63.44,66.5 2 1
github.com/mcubik/test-project/src/api/admin.go:67.4,68.10 2 0
github.com/mcubik/test-project/src/api/admin.go:70.3,71.9 2 1
github.com/mcubik/test-project/src/api/admin.go:72.3,76.3 3 1
github.com/mcubik/test-project/src/api/admin.go:79.58,81.17 2 1
github.com/mcubik/test-project/src/api/admin.go:81.17,84.3 2 1
github.com/mcubik/test-project/src/api/admin.go:85.2,86.23 2 1
github.com/mcubik/test-project/src/api/admin.go:86.23,88.17 2 1
github.com/mcubik/test-project/src/api/admin.go:88.17,91.4 2 1
github.com/mcubik/test-project/src/api/admin.go:92.3,93.9 2 1
github.com/mcubik/test-project/src/api/admin.go:94.3,96.17 2 1
github.com/mcubik/test-project/src/api/admin.go:96.17,99.4 2 1
github.com/mcubik/test-project/src/api/admin.go:100.3,101.17 2 1
github.com/mcubik/test-project/src/api/admin.go:101.17,104.4 2 1
github.com/mcubik/test-project/src/api/admin.go:105.3,105.24 1 1
github.com/mcubik/test-project/src/api/admin.go:105.24,107.16 2 1
github.com/mcubik/test-project/src/api/admin.go:107.16,110.5 2 0
github.com/mcubik/test-project/src/api/admin.go:111.4,113.15 3 1
github.com/mcubik/test-project/src/api/admin.go:113.15,116.5 2 1
github.com/mcubik/test-project/src/api/admin.go:117.4,118.10 2 1
github.com/mcubik/test-project/src/api/admin.go:120.3,121.17 2 1
github.com/mcubik/test-project/src/api/admin.go:121.17,124.4 2 0
github.com/mcubik/test-project/src/api/admin.go:125.3,125.20 1 1
github.com/mcubik/test-project/src/api/admin.go:130.50,133.16 3 1
github.com/mcubik/test-project/src/api/admin.go:133.16,136.3 2 0
github.com/mcubik/test-project/src/api/admin.go:137.2,138.16 2 1
github.com/mcubik/test-project/src/api/admin.go:138.16,141.3 2 0
github.com/mcubik/test-project/src/api/admin.go:142.2,142.22 1 1
github.com/mcubik/test-project/src/api/admin.go:145.52,148.16 3 1
github.com/mcubik/test-project/src/api/admin.go:148.16,151.3 2 0
github.com/mcubik/test-project/src/api/admin.go:152.2,156.8 3 1
github.com/mcubik/test-project/src/api/admin.go:164.67,166.16 2 1
github.com/mcubik/test-project/src/api/admin.go:166.16,168.3 1 0
github.com/mcubik/test-project/src/api/admin.go:169.2,170.16 2 1
github.com/mcubik/test-project/src/api/admin.go:170.16,172.3 1 0
github.com/mcubik/test-project/src/api/admin.go:173.2,173.22 1 1
github.com/mcubik/test-project/src/api/api.go:49.104,51.2 1 1
github.com/mcubik/test-project/src/api/api.go:54.23,56.2 1 1
github.com/mcubik/test-project/src/api/api.go:59.116,63.17 2 1
github.com/mcubik/test-project/src/api/api.go:63.17,64.54 1 0
github.com/mcubik/test-project/src/api/api.go:64.54,66.4 1 0
github.com/mcubik/test-project/src/api/api.go:71.2,71.48 1 1
github.com/mcubik/test-project/src/api/api.go:71.48,75.31 4 1
github.com/mcubik/test-project/src/api/api.go:75.31,76.31 1 1
github.com/mcubik/test-project/src/api/api.go:76.31,80.5 3 0
github.com/mcubik/test-project/src/api/api.go:81.4,86.18 3 1
github.com/mcubik/test-project/src/api/api.go:86.18,90.5 3 0
github.com/mcubik/test-project/src/api/api.go:90.5,93.5 2 1
github.com/mcubik/test-project/src/api/api.go:94.4,99.4 4 1
github.com/mcubik/test-project/src/api/api.go:102.2,102.57 1 1
github.com/mcubik/test-project/src/api/api.go:102.57,106.44 4 1
github.com/mcubik/test-project/src/api/api.go:106.44,110.4 3 1
github.com/mcubik/test-project/src/api/api.go:111.3,111.35 1 1
github.com/mcubik/test-project/src/api/api.go:111.35,116.4 4 1
github.com/mcubik/test-project/src/api/api.go:117.3,122.17 3 1
github.com/mcubik/test-project/src/api/api.go:122.17,126.4 3 0
github.com/mcubik/test-project/src/api/api.go:126.4,129.4 2 1
github.com/mcubik/test-project/src/api/api.go:131.2,131.43 1 1
github.com/mcubik/test-project/src/api/api.go:131.43,132.18 1 1
github.com/mcubik/test-project/src/api/api.go:132.18,135.4 2 0
github.com/mcubik/test-project/src/api/api.go:136.3,136.24 1 1
github.com/mcubik/test-project/src/api/api.go:138.2,139.15 2 1
github.com/mcubik/test-project/src/api/api.go:143.45,144.70 1 1
github.com/mcubik/test-project/src/api/api.go:144.70,146.3 1 1
github.com/mcubik/test-project/src/api/api.go:147.2,147.13 1 1
github.com/mcubik/test-project/src/api/api.go:151.45,153.16 2 1
github.com/mcubik/test-project/src/api/api.go:153.16,155.3 1 1
github.com/mcubik/test-project/src/api/api.go:156.2,156.15 1 1
github.com/mcubik/test-project/src/backend/channels/bigqueue.go:19.101,21.2 1 1
github.com/mcubik/test-project/src/backend/channels/bigqueue.go:23.92,25.2 1 1
github.com/mcubik/test-project/src/backend/channels/bigqueue.go:27.98,29.2 1 1
github.com/mcubik/test-project/src/backend/channels/bigqueue.go:32.128,34.2 1 1
github.com/mcubik/test-project/src/backend/channels/bigqueue.go:36.79,38.2 1 1
github.com/mcubik/test-project/src/backend/channels/bigqueue.go:51.89,52.52 1 1
github.com/mcubik/test-project/src/backend/channels/bigqueue.go:52.52,54.17 2 1
github.com/mcubik/test-project/src/backend/channels/bigqueue.go:54.17,55.63 1 1
github.com/mcubik/test-project/src/backend/channels/bigqueue.go:55.63,57.5 1 0
github.com/mcubik/test-project/src/backend/channels/bigqueue.go:59.3,59.47 1 1
github.com/mcubik/test-project/src/backend/channels/bigqueue.go:59.47,61.4 1 0
github.com/mcubik/test-project/src/backend/channels/bigqueue.go:62.3,62.13 1 1
github.com/mcubik/test-project/src/backend/channels/bigqueue.go:64.2,68.32 4 1
github.com/mcubik/test-project/src/backend/channels/bigqueue.go:68.32,70.3 1 1
github.com/mcubik/test-project/src/backend/channels/bigqueue.go:71.2,72.51 2 1
github.com/mcubik/test-project/src/backend/channels/bigqueue.go:72.51,74.3 1 0
github.com/mcubik/test-project/src/backend/channels/bigqueue.go:75.2,76.12 2 1
github.com/mcubik/test-project/src/backend/channels/bigqueue.go:79.59,82.2 2 1
github.com/mcubik/test-project/src/backend/channels/bigqueue.go:84.63,87.2 1 0
github.com/mcubik/test-project/src/backend/channels/bigqueue.go:95.68,100.54 5 1
github.com/mcubik/test-project/src/backend/channels/bigqueue.go:100.54,102.3 1 0
github.com/mcubik/test-project/src/backend/channels/bigqueue.go:103.2,103.12 1 1
github.com/mcubik/test-project/src/backend/channels/bigqueue.go:107.64,115.2 7 1
github.com/mcubik/test-project/src/backend/channels/bigqueue.go:117.79,119.9 2 1
github.com/mcubik/test-project/src/backend/channels/bigqueue.go:119.9,121.3 1 0
github.com/mcubik/test-project/src/backend/channels/bigqueue.go:122.2,123.9 2 1
github.com/mcubik/test-project/src/backend/channels/bigqueue.go:123.9,125.3 1 0
github.com/mcubik/test-project/src/backend/channels/bigqueue.go:126.2,127.9 2 1
github.com/mcubik/test-project/src/backend/channels/bigqueue.go:127.9,129.3 1 0
github.com/mcubik/test-project/src/backend/channels/bigqueue.go:130.2,131.9 2 1
github.com/mcubik/test-project/src/backend/channels/bigqueue.go:131.9,133.3 1 0
github.com/mcubik/test-project/src/backend/channels/bigqueue.go:134.2,135.9 2 1
github.com/mcubik/test-project/src/backend/channels/bigqueue.go:135.9,137.3 1 0
github.com/mcubik/test-project/src/backend/channels/bigqueue.go:138.2,143.32 1 1
github.com/mcubik/test-project/src/backend/channels/bigqueue.go:146.76,148.9 2 1
github.com/mcubik/test-project/src/backend/channels/bigqueue.go:148.9,150.10 2 1
github.com/mcubik/test-project/src/backend/channels/bigqueue.go:150.10,152.4 1 1
github.com/mcubik/test-project/src/backend/channels/bigqueue.go:153.3,154.35 2 1
github.com/mcubik/test-project/src/backend/channels/bigqueue.go:154.35,157.4 2 1
github.com/mcubik/test-project/src/backend/channels/bigqueue.go:159.2,160.9 2 1
github.com/mcubik/test-project/src/backend/channels/bigqueue.go:160.9,162.3 1 1
github.com/mcubik/test-project/src/backend/channels/bigqueue.go:163.2,164.9 2 1
github.com/mcubik/test-project/src/backend/channels/bigqueue.go:164.9,166.3 1 1
github.com/mcubik/test-project/src/backend/channels/bigqueue.go:167.2,168.16 2 1
github.com/mcubik/test-project/src/backend/channels/bigqueue.go:168.16,170.3 1 1
github.com/mcubik/test-project/src/backend/channels/bigqueue.go:171.2,172.9 2 1
github.com/mcubik/test-project/src/backend/channels/bigqueue.go:172.9,174.3 1 1
github.com/mcubik/test-project/src/backend/channels/bigqueue.go:175.2,176.16 2 1
github.com/mcubik/test-project/src/backend/channels/bigqueue.go:176.16,178.3 1 1
github.com/mcubik/test-project/src/backend/channels/bigqueue.go:179.2,180.9 2 1
github.com/mcubik/test-project/src/backend/channels/bigqueue.go:180.9,182.3 1 1
github.com/mcubik/test-project/src/backend/channels/bigqueue.go:183.2,188.25 1 1
github.com/mcubik/test-project/src/backend/channels/bigqueue.go:191.37,195.2 2 1
github.com/mcubik/test-project/src/backend/channels/bigqueue.go:197.59,199.2 1 1
github.com/mcubik/test-project/src/backend/counter/kvswithlock.go:31.109,33.2 1 1
github.com/mcubik/test-project/src/backend/counter/kvswithlock.go:36.142,44.2 1 1
github.com/mcubik/test-project/src/backend/counter/kvswithlock.go:61.65,62.49 1 1
github.com/mcubik/test-project/src/backend/counter/kvswithlock.go:62.49,64.3 1 1
github.com/mcubik/test-project/src/backend/counter/kvswithlock.go:65.2,68.9 4 1
github.com/mcubik/test-project/src/backend/counter/kvswithlock.go:68.9,72.9 4 1
github.com/mcubik/test-project/src/backend/counter/kvswithlock.go:72.9,74.4 1 0
github.com/mcubik/test-project/src/backend/counter/kvswithlock.go:75.3,77.20 3 1
github.com/mcubik/test-project/src/backend/counter/kvswithlock.go:79.2,79.16 1 1
github.com/mcubik/test-project/src/backend/counter/kvswithlock.go:82.50,86.38 4 1
github.com/mcubik/test-project/src/backend/counter/kvswithlock.go:86.38,88.3 1 1
github.com/mcubik/test-project/src/backend/counter/kvswithlock.go:89.2,89.73 1 1
github.com/mcubik/test-project/src/backend/counter/kvswithlock.go:93.50,97.44 4 1
github.com/mcubik/test-project/src/backend/counter/kvswithlock.go:97.44,98.82 1 1
github.com/mcubik/test-project/src/backend/counter/kvswithlock.go:98.82,102.4 3 1
github.com/mcubik/test-project/src/backend/counter/kvswithlock.go:106.52,107.68 1 1
github.com/mcubik/test-project/src/backend/counter/kvswithlock.go:107.68,109.3 1 0
github.com/mcubik/test-project/src/backend/counter/kvswithlock.go:109.3,111.3 1 1
github.com/mcubik/test-project/src/backend/counter/kvswithlock.go:112.2,113.16 2 1
github.com/mcubik/test-project/src/backend/counter/kvswithlock.go:113.16,115.3 1 0
github.com/mcubik/test-project/src/backend/counter/kvswithlock.go:116.2,117.12 2 1
github.com/mcubik/test-project/src/backend/counter/kvswithlock.go:120.61,121.19 1 1
github.com/mcubik/test-project/src/backend/counter/kvswithlock.go:121.19,123.3 1 1
github.com/mcubik/test-project/src/backend/counter/kvswithlock.go:124.2,124.27 1 1
github.com/mcubik/test-project/src/backend/counter/kvswithlock.go:124.27,126.17 2 1
github.com/mcubik/test-project/src/backend/counter/kvswithlock.go:126.17,128.4 1 0
github.com/mcubik/test-project/src/backend/counter/kvswithlock.go:129.3,129.28 1 1
github.com/mcubik/test-project/src/backend/counter/kvswithlock.go:131.2,131.29 1 1
github.com/mcubik/test-project/src/backend/counter/kvswithlock.go:134.70,137.16 3 1
github.com/mcubik/test-project/src/backend/counter/kvswithlock.go:137.16,139.3 1 0
github.com/mcubik/test-project/src/backend/counter/kvswithlock.go:140.2,140.20 1 1
github.com/mcubik/test-project/src/backend/counter/kvswithlock.go:140.20,142.3 1 1
github.com/mcubik/test-project/src/backend/counter/kvswithlock.go:143.2,144.45 2 1
github.com/mcubik/test-project/src/backend/counter/kvswithlock.go:144.45,146.3 1 0
github.com/mcubik/test-project/src/backend/counter/kvswithlock.go:147.2,147.21 1 1
github.com/mcubik/test-project/src/backend/counter/kvswithlock.go:147.21,150.3 2 1
github.com/mcubik/test-project/src/backend/counter/kvswithlock.go:151.2,151.25 1 0
github.com/mcubik/test-project/src/backend/counter/kvswithlock.go:154.58,155.19 1 1
github.com/mcubik/test-project/src/backend/counter/kvswithlock.go:155.19,157.3 1 1
github.com/mcubik/test-project/src/backend/counter/kvswithlock.go:158.2,162.68 5 1
github.com/mcubik/test-project/src/backend/counter/kvswithlock.go:162.68,164.3 1 0
github.com/mcubik/test-project/src/backend/counter/kvswithlock.go:164.3,166.3 1 1
github.com/mcubik/test-project/src/backend/counter/kvswithlock.go:167.2,169.16 3 1
github.com/mcubik/test-project/src/backend/counter/kvswithlock.go:169.16,171.3 1 0
github.com/mcubik/test-project/src/backend/counter/kvswithlock.go:172.2,176.16 5 1
github.com/mcubik/test-project/src/backend/counter/kvswithlock.go:176.16,178.3 1 0
github.com/mcubik/test-project/src/backend/counter/kvswithlock.go:179.2,179.22 1 1
github.com/mcubik/test-project/src/backend/counter/kvswithlock.go:182.49,184.2 1 1
github.com/mcubik/test-project/src/backend/counter/kvswithlock.go:187.34,189.2 1 1
github.com/mcubik/test-project/src/backend/kvs/melikvs.go:24.35,26.2 1 1
github.com/mcubik/test-project/src/backend/kvs/melikvs.go:28.36,30.2 1 1
github.com/mcubik/test-project/src/backend/kvs/melikvs.go:32.36,34.2 1 1
github.com/mcubik/test-project/src/backend/kvs/melikvs.go:36.59,37.54 1 1
github.com/mcubik/test-project/src/backend/kvs/melikvs.go:37.54,40.3 2 0
github.com/mcubik/test-project/src/backend/kvs/melikvs.go:41.2,41.12 1 1
github.com/mcubik/test-project/src/backend/kvs/melikvs.go:45.39,52.2 5 1
github.com/mcubik/test-project/src/backend/kvs/melikvs.go:54.50,57.16 3 1
github.com/mcubik/test-project/src/backend/kvs/melikvs.go:57.16,59.3 1 0
github.com/mcubik/test-project/src/backend/kvs/melikvs.go:60.2,60.17 1 1
github.com/mcubik/test-project/src/backend/kvs/melikvs.go:60.17,62.3 1 1
github.com/mcubik/test-project/src/backend/kvs/melikvs.go:63.2,63.37 1 1
github.com/mcubik/test-project/src/backend/kvs/melikvs.go:66.64,68.76 2 1
github.com/mcubik/test-project/src/backend/kvs/melikvs.go:68.76,71.3 2 0
github.com/mcubik/test-project/src/backend/kvs/melikvs.go:72.2,72.12 1 1
github.com/mcubik/test-project/src/backend/kvs/melikvs.go:75.59,80.16 5 1
github.com/mcubik/test-project/src/backend/kvs/melikvs.go:80.16,81.55 1 0
github.com/mcubik/test-project/src/backend/kvs/melikvs.go:81.55,83.4 1 0
github.com/mcubik/test-project/src/backend/kvs/melikvs.go:84.3,84.38 1 0
github.com/mcubik/test-project/src/backend/kvs/melikvs.go:86.2,87.29 2 1
github.com/mcubik/test-project/src/backend/kvs/melikvs.go:87.29,89.3 1 1
github.com/mcubik/test-project/src/backend/kvs/melikvs.go:90.2,91.27 2 1
github.com/mcubik/test-project/src/backend/kvs/melikvs.go:91.27,94.13 2 1
github.com/mcubik/test-project/src/backend/kvs/melikvs.go:94.13,96.4 1 1
github.com/mcubik/test-project/src/backend/kvs/melikvs.go:96.4,98.4 1 1
github.com/mcubik/test-project/src/backend/kvs/melikvs.go:100.2,100.17 1 1
github.com/mcubik/test-project/src/backend/locking/local.go:29.61,31.2 1 1
github.com/mcubik/test-project/src/backend/locking/local.go:33.47,35.2 1 1
github.com/mcubik/test-project/src/backend/locking/local.go:38.66,41.2 1 1
github.com/mcubik/test-project/src/backend/locking/local.go:43.82,47.29 4 1
github.com/mcubik/test-project/src/backend/locking/local.go:47.29,49.31 2 1
github.com/mcubik/test-project/src/backend/locking/local.go:49.31,50.9 1 1
github.com/mcubik/test-project/src/backend/locking/local.go:52.3,53.60 2 1
github.com/mcubik/test-project/src/backend/locking/local.go:55.2,55.29 1 1
github.com/mcubik/test-project/src/backend/locking/local.go:55.29,57.3 1 0
github.com/mcubik/test-project/src/backend/locking/local.go:58.2,58.18 1 1
github.com/mcubik/test-project/src/backend/locking/local.go:61.66,66.9 5 1
github.com/mcubik/test-project/src/backend/locking/local.go:66.9,68.3 1 1
github.com/mcubik/test-project/src/backend/locking/local.go:69.2,69.13 1 1
github.com/mcubik/test-project/src/backend/locking/local.go:72.41,73.30 1 1
github.com/mcubik/test-project/src/backend/locking/local.go:73.30,75.3 1 1
github.com/mcubik/test-project/src/backend/locking/local.go:76.2,79.32 4 0
github.com/mcubik/test-project/src/backend/locking/local.go:79.32,80.22 1 0
github.com/mcubik/test-project/src/backend/locking/local.go:80.22,81.25 1 0
github.com/mcubik/test-project/src/backend/locking/local.go:81.25,83.5 1 0
github.com/mcubik/test-project/src/backend/locking/local.go:88.69,91.41 3 1
github.com/mcubik/test-project/src/backend/locking/local.go:91.41,93.3 1 0
github.com/mcubik/test-project/src/backend/locking/local.go:94.2,95.28 2 1
github.com/mcubik/test-project/src/backend/locking/local.go:99.40,103.26 4 1
github.com/mcubik/test-project/src/backend/locking/local.go:103.26,105.3 1 1
github.com/mcubik/test-project/src/backend/locking/local.go:106.2,109.13 4 1
github.com/mcubik/test-project/src/backend/locking/local.go:112.37,115.15 3 1
github.com/mcubik/test-project/src/backend/locking/local.go:115.15,117.3 1 0
github.com/mcubik/test-project/src/backend/locking/local.go:118.2,119.12 2 1
github.com/mcubik/test-project/src/backend/locking/local.go:122.35,125.15 3 0
github.com/mcubik/test-project/src/backend/locking/local.go:125.15,127.3 1 0
github.com/mcubik/test-project/src/backend/locking/local.go:128.2,129.12 2 0
github.com/mcubik/test-project/src/backend/locking/local.go:132.39,134.12 2 1
github.com/mcubik/test-project/src/backend/locking/local.go:134.12,135.16 1 1
github.com/mcubik/test-project/src/backend/locking/local.go:135.16,138.4 2 1
github.com/mcubik/test-project/src/backend/locking/local.go:140.2,140.12 1 1
github.com/mcubik/test-project/src/backend/locking/local.go:143.36,148.2 3 1
github.com/mcubik/test-project/src/backend/locking/melilocking.go:32.94,37.2 4 1
github.com/mcubik/test-project/src/backend/locking/melilocking.go:39.71,41.2 1 1
github.com/mcubik/test-project/src/backend/locking/melilocking.go:44.65,47.2 1 1
github.com/mcubik/test-project/src/backend/locking/melilocking.go:49.81,54.29 5 1
github.com/mcubik/test-project/src/backend/locking/melilocking.go:54.29,56.17 2 1
github.com/mcubik/test-project/src/backend/locking/melilocking.go:56.17,57.9 1 1
github.com/mcubik/test-project/src/backend/locking/melilocking.go:59.3,60.60 2 1
github.com/mcubik/test-project/src/backend/locking/melilocking.go:62.2,62.16 1 1
github.com/mcubik/test-project/src/backend/locking/melilocking.go:62.16,64.3 1 1
github.com/mcubik/test-project/src/backend/locking/melilocking.go:65.2,66.15 2 1
github.com/mcubik/test-project/src/backend/locking/melilocking.go:70.57,71.51 1 1
github.com/mcubik/test-project/src/backend/locking/melilocking.go:71.51,73.3 1 1
github.com/mcubik/test-project/src/backend/locking/melilocking.go:74.2,74.12 1 0
github.com/mcubik/test-project/src/backend/locking/melilocking.go:77.55,81.29 4 1
github.com/mcubik/test-project/src/backend/locking/melilocking.go:81.29,83.17 2 1
github.com/mcubik/test-project/src/backend/locking/melilocking.go:83.17,84.9 1 1
github.com/mcubik/test-project/src/backend/locking/melilocking.go:86.3,87.60 2 1
github.com/mcubik/test-project/src/backend/locking/melilocking.go:89.2,89.16 1 1
github.com/mcubik/test-project/src/backend/locking/melilocking.go:89.16,91.3 1 1
github.com/mcubik/test-project/src/backend/locking/melilocking.go:92.2,94.12 3 1
github.com/mcubik/test-project/src/backend/locking/melilocking.go:97.36,100.16 3 1
github.com/mcubik/test-project/src/backend/locking/melilocking.go:100.16,102.3 1 0
github.com/mcubik/test-project/src/backend/locking/melilocking.go:103.2,105.30 3 1
github.com/mcubik/test-project/src/backend/locking/melilocking.go:108.34,111.16 3 1
github.com/mcubik/test-project/src/backend/locking/melilocking.go:111.16,113.3 1 0
github.com/mcubik/test-project/src/backend/locking/melilocking.go:114.2,115.16 2 1
github.com/mcubik/test-project/src/backend/locking/melilocking.go:115.16,117.3 1 1
github.com/mcubik/test-project/src/backend/locking/melilocking.go:118.2,118.12 1 1
github.com/mcubik/test-project/src/backend/locking/melilocking.go:121.35,126.2 3 1
github.com/mcubik/test-project/src/backend/locking/melilocking.go:128.38,131.12 3 1
github.com/mcubik/test-project/src/backend/locking/melilocking.go:131.12,132.16 1 1
github.com/mcubik/test-project/src/backend/locking/melilocking.go:132.16,133.32 1 1
github.com/mcubik/test-project/src/backend/locking/melilocking.go:133.32,136.5 2 0
github.com/mcubik/test-project/src/backend/locking/melilocking.go:138.3,138.7 1 1
github.com/mcubik/test-project/src/backend/locking/melilocking.go:138.7,139.11 1 1
github.com/mcubik/test-project/src/backend/locking/melilocking.go:140.34,141.11 1 1
github.com/mcubik/test-project/src/backend/locking/melilocking.go:142.63,144.37 2 1
github.com/mcubik/test-project/src/backend/locking/melilocking.go:144.37,148.6 3 1
github.com/mcubik/test-project/src/backend/locking/melilocking.go:152.2,152.12 1 1
github.com/mcubik/test-project/src/backend/locking/mutex.go:30.61,33.2 1 1
github.com/mcubik/test-project/src/backend/locking/mutex.go:36.47,38.2 1 1
github.com/mcubik/test-project/src/backend/locking/mutex.go:41.66,44.2 1 1
github.com/mcubik/test-project/src/backend/locking/mutex.go:46.82,50.2 3 1
github.com/mcubik/test-project/src/backend/locking/mutex.go:52.72,59.9 7 1
github.com/mcubik/test-project/src/backend/locking/mutex.go:59.9,61.3 1 1
github.com/mcubik/test-project/src/backend/locking/mutex.go:62.2,63.13 2 1
github.com/mcubik/test-project/src/backend/locking/mutex.go:66.41,69.30 3 1
github.com/mcubik/test-project/src/backend/locking/mutex.go:69.30,71.3 1 1
github.com/mcubik/test-project/src/backend/locking/mutex.go:72.2,74.32 3 0
github.com/mcubik/test-project/src/backend/locking/mutex.go:74.32,75.19 1 0
github.com/mcubik/test-project/src/backend/locking/mutex.go:75.19,77.4 1 0
github.com/mcubik/test-project/src/backend/locking/mutex.go:81.81,84.41 3 1
github.com/mcubik/test-project/src/backend/locking/mutex.go:84.41,86.3 1 0
github.com/mcubik/test-project/src/backend/locking/mutex.go:87.2,88.28 2 1
github.com/mcubik/test-project/src/backend/locking/mutex.go:92.40,98.2 5 1
github.com/mcubik/test-project/src/backend/locking/mutex.go:100.37,104.2 3 1
github.com/mcubik/test-project/src/backend/locking/mutex.go:106.35,108.2 1 0
github.com/mcubik/test-project/src/backend/locking/mutex.go:110.36,112.2 1 1
github.com/mcubik/test-project/src/backend/locking/mutex.go:115.39,117.2 1 1
github.com/mcubik/test-project/src/bootstrap/bootstrap.go:16.30,19.20 3 1
github.com/mcubik/test-project/src/bootstrap/bootstrap.go:19.20,21.3 1 0
github.com/mcubik/test-project/src/bootstrap/bootstrap.go:22.2,24.31 3 1
github.com/mcubik/test-project/src/bootstrap/bootstrap.go:24.31,25.52 1 0
github.com/mcubik/test-project/src/bootstrap/bootstrap.go:27.2,28.27 2 1
github.com/mcubik/test-project/src/bootstrap/bootstrap.go:28.27,30.3 1 1
github.com/mcubik/test-project/src/bootstrap/bootstrap.go:30.3,32.3 1 0
github.com/mcubik/test-project/src/bootstrap/bootstrap.go:33.2,34.39 2 1
github.com/mcubik/test-project/src/bootstrap/bootstrap.go:34.39,36.28 2 1
github.com/mcubik/test-project/src/bootstrap/bootstrap.go:36.28,39.4 2 1
github.com/mcubik/test-project/src/bootstrap/bootstrap.go:39.4,39.38 1 1
github.com/mcubik/test-project/src/bootstrap/bootstrap.go:39.38,42.4 2 1
github.com/mcubik/test-project/src/bootstrap/bootstrap.go:42.4,42.59 1 1
github.com/mcubik/test-project/src/bootstrap/bootstrap.go:42.59,44.4 1 1
github.com/mcubik/test-project/src/bootstrap/bootstrap.go:44.4,45.85 1 0
github.com/mcubik/test-project/src/bootstrap/bootstrap.go:48.2,49.16 2 1
github.com/mcubik/test-project/src/bootstrap/bootstrap.go:55.48,57.20 2 1
github.com/mcubik/test-project/src/bootstrap/bootstrap.go:57.20,59.3 1 0
github.com/mcubik/test-project/src/bootstrap/bootstrap.go:60.2,63.21 4 1
github.com/mcubik/test-project/src/bootstrap/bootstrap.go:63.21,64.23 1 0
github.com/mcubik/test-project/src/bootstrap/bootstrap.go:64.23,66.4 1 0
github.com/mcubik/test-project/src/bootstrap/bootstrap.go:67.3,68.17 2 0
github.com/mcubik/test-project/src/bootstrap/bootstrap.go:68.17,70.4 1 0
github.com/mcubik/test-project/src/bootstrap/bootstrap.go:72.2,72.78 1 1
github.com/mcubik/test-project/src/builder/builder.go:67.76,68.23 1 1
github.com/mcubik/test-project/src/builder/builder.go:68.23,69.33 1 0
github.com/mcubik/test-project/src/builder/builder.go:69.33,70.60 1 0
github.com/mcubik/test-project/src/builder/builder.go:72.3,72.9 1 0
github.com/mcubik/test-project/src/builder/builder.go:74.2,75.28 2 1
github.com/mcubik/test-project/src/builder/builder.go:75.28,77.3 1 1
github.com/mcubik/test-project/src/builder/builder.go:78.2,78.20 1 1
github.com/mcubik/test-project/src/builder/builder.go:78.20,80.3 1 1
github.com/mcubik/test-project/src/builder/builder.go:80.3,83.31 3 0
github.com/mcubik/test-project/src/builder/builder.go:83.31,85.4 1 0
github.com/mcubik/test-project/src/builder/builder.go:85.4,87.4 1 0
github.com/mcubik/test-project/src/builder/builder.go:88.3,99.36 7 0
github.com/mcubik/test-project/src/builder/builder.go:101.2,101.26 1 1
github.com/mcubik/test-project/src/builder/builder.go:101.26,103.118 2 0
github.com/mcubik/test-project/src/builder/builder.go:103.118,106.4 2 0
github.com/mcubik/test-project/src/builder/builder.go:108.2,108.27 1 1
github.com/mcubik/test-project/src/builder/builder.go:112.72,114.16 2 1
github.com/mcubik/test-project/src/builder/builder.go:114.16,116.17 2 0
github.com/mcubik/test-project/src/builder/builder.go:116.17,118.4 1 0
github.com/mcubik/test-project/src/builder/builder.go:120.2,120.16 1 1
github.com/mcubik/test-project/src/builder/builder.go:120.16,121.66 1 0
github.com/mcubik/test-project/src/builder/builder.go:123.2,124.56 2 1
github.com/mcubik/test-project/src/builder/builder.go:124.56,125.56 1 0
github.com/mcubik/test-project/src/builder/builder.go:127.2,128.9 2 1
github.com/mcubik/test-project/src/builder/builder.go:128.9,129.68 1 0
github.com/mcubik/test-project/src/builder/builder.go:131.2,131.12 1 1
github.com/mcubik/test-project/src/builder/builder.go:136.66,151.2 12 1
github.com/mcubik/test-project/src/builder/builder.go:155.53,158.2 2 1
github.com/mcubik/test-project/src/builder/builder.go:160.33,162.2 1 1
github.com/mcubik/test-project/src/builder/builder.go:164.42,166.2 1 1
github.com/mcubik/test-project/src/builder/builder.go:168.64,171.2 1 1
github.com/mcubik/test-project/src/builder/builder.go:173.36,175.2 1 1
github.com/mcubik/test-project/src/builder/builder.go:177.23,179.9 2 0
github.com/mcubik/test-project/src/builder/builder.go:179.9,180.44 1 0
github.com/mcubik/test-project/src/builder/builder.go:182.2,182.36 1 0
github.com/mcubik/test-project/src/calendar/calendar.go:26.46,28.2 1 1
github.com/mcubik/test-project/src/calendar/calendar.go:59.80,61.2 1 1
github.com/mcubik/test-project/src/calendar/calendar.go:65.66,75.2 1 1
github.com/mcubik/test-project/src/calendar/calendar.go:110.57,114.2 3 1
github.com/mcubik/test-project/src/calendar/calendar.go:116.36,118.2 1 1
github.com/mcubik/test-project/src/calendar/calendar.go:120.46,122.2 1 1
github.com/mcubik/test-project/src/calendar/calendar.go:124.59,126.16 2 1
github.com/mcubik/test-project/src/calendar/calendar.go:126.16,128.3 1 0
github.com/mcubik/test-project/src/calendar/calendar.go:129.2,129.39 1 1
github.com/mcubik/test-project/src/calendar/calendar.go:129.39,132.3 2 0
github.com/mcubik/test-project/src/calendar/calendar.go:133.2,133.20 1 1
github.com/mcubik/test-project/src/calendar/calendar.go:136.49,138.2 1 1
github.com/mcubik/test-project/src/calendar/calendar.go:140.55,142.2 1 1
github.com/mcubik/test-project/src/calendar/calendar.go:144.53,146.2 1 1
github.com/mcubik/test-project/src/calendar/calendar.go:148.61,149.31 1 1
github.com/mcubik/test-project/src/calendar/calendar.go:149.31,150.38 1 1
github.com/mcubik/test-project/src/calendar/calendar.go:150.38,152.4 1 0
github.com/mcubik/test-project/src/calendar/calendar.go:154.2,154.12 1 1
github.com/mcubik/test-project/src/calendar/calendar.go:157.40,159.2 1 0
github.com/mcubik/test-project/src/calendar/calendar.go:162.43,164.2 1 1
github.com/mcubik/test-project/src/calendar/calendar.go:167.124,170.31 3 1
github.com/mcubik/test-project/src/calendar/calendar.go:170.31,174.17 4 1
github.com/mcubik/test-project/src/calendar/calendar.go:174.17,176.4 1 0
github.com/mcubik/test-project/src/calendar/calendar.go:177.3,178.148 2 1
github.com/mcubik/test-project/src/calendar/calendar.go:180.2,180.112 1 1
github.com/mcubik/test-project/src/calendar/calendar.go:184.65,186.2 1 1
github.com/mcubik/test-project/src/calendar/calendar.go:198.62,200.2 1 1
github.com/mcubik/test-project/src/calendar/calendar.go:203.65,210.2 1 1
github.com/mcubik/test-project/src/calendar/calendar.go:212.65,214.2 1 1
github.com/mcubik/test-project/src/calendar/calendar.go:216.71,218.2 1 1
github.com/mcubik/test-project/src/calendar/calendar.go:220.47,222.2 1 0
github.com/mcubik/test-project/src/calendar/calendar.go:224.96,227.46 3 1
github.com/mcubik/test-project/src/calendar/calendar.go:227.46,232.42 3 1
github.com/mcubik/test-project/src/calendar/calendar.go:232.42,235.18 3 1
github.com/mcubik/test-project/src/calendar/calendar.go:235.18,237.50 2 0
github.com/mcubik/test-project/src/calendar/calendar.go:239.4,240.18 2 1
github.com/mcubik/test-project/src/calendar/calendar.go:240.18,242.50 2 0
github.com/mcubik/test-project/src/calendar/calendar.go:244.4,245.36 1 1
github.com/mcubik/test-project/src/calendar/calendar.go:247.3,248.46 2 1
github.com/mcubik/test-project/src/calendar/calendar.go:250.2,250.12 1 1
github.com/mcubik/test-project/src/calendar/calendar.go:253.101,256.33 3 1
github.com/mcubik/test-project/src/calendar/calendar.go:256.33,258.17 2 1
github.com/mcubik/test-project/src/calendar/calendar.go:258.17,260.4 1 0
github.com/mcubik/test-project/src/calendar/calendar.go:261.3,261.35 1 1
github.com/mcubik/test-project/src/calendar/calendar.go:263.2,263.17 1 1
github.com/mcubik/test-project/src/calendar/calendar.go:266.106,268.46 2 1
github.com/mcubik/test-project/src/calendar/calendar.go:268.46,269.58 1 1
github.com/mcubik/test-project/src/calendar/calendar.go:269.58,270.27 1 1
github.com/mcubik/test-project/src/calendar/calendar.go:270.27,272.5 1 1
github.com/mcubik/test-project/src/calendar/calendar.go:274.3,274.46 1 1
github.com/mcubik/test-project/src/calendar/calendar.go:276.2,276.34 1 1
github.com/mcubik/test-project/src/calendar/calendar.go:280.76,288.2 2 1
github.com/mcubik/test-project/src/calendar/calendar.go:290.97,293.46 3 1
github.com/mcubik/test-project/src/calendar/calendar.go:293.46,296.17 3 1
github.com/mcubik/test-project/src/calendar/calendar.go:296.17,298.4 1 0
github.com/mcubik/test-project/src/calendar/calendar.go:299.3,300.46 2 1
github.com/mcubik/test-project/src/calendar/calendar.go:302.2,302.39 1 1
github.com/mcubik/test-project/src/calendar/calendar.go:305.83,309.16 4 1
github.com/mcubik/test-project/src/calendar/calendar.go:309.16,311.3 1 0
github.com/mcubik/test-project/src/calendar/calendar.go:312.2,312.34 1 1
github.com/mcubik/test-project/src/calendar/calendar.go:316.81,322.35 6 1
github.com/mcubik/test-project/src/calendar/calendar.go:322.35,325.3 1 1
github.com/mcubik/test-project/src/calendar/calendar.go:326.2,326.12 1 1
github.com/mcubik/test-project/src/calendar/calendar.go:337.49,339.2 1 1
github.com/mcubik/test-project/src/calendar/calendar.go:343.62,346.18 3 1
github.com/mcubik/test-project/src/calendar/calendar.go:346.18,347.33 1 1
github.com/mcubik/test-project/src/calendar/calendar.go:347.33,349.4 1 1
github.com/mcubik/test-project/src/calendar/calendar.go:350.3,350.42 1 1
github.com/mcubik/test-project/src/calendar/calendar.go:352.2,352.15 1 1
github.com/mcubik/test-project/src/calendar/calendar.go:356.54,358.2 1 1
github.com/mcubik/test-project/src/calendar/calendar.go:360.77,362.17 2 1
github.com/mcubik/test-project/src/calendar/calendar.go:362.17,364.3 1 0
github.com/mcubik/test-project/src/calendar/calendar.go:365.2,367.46 3 1
github.com/mcubik/test-project/src/calendar/calendar.go:367.46,370.3 2 1
github.com/mcubik/test-project/src/calendar/calendar.go:371.2,371.12 1 1
github.com/mcubik/test-project/src/calendar/extractor.go:30.109,38.2 1 1
github.com/mcubik/test-project/src/calendar/extractor.go:41.73,43.2 1 1
github.com/mcubik/test-project/src/calendar/extractor.go:51.115,53.47 2 1
github.com/mcubik/test-project/src/calendar/extractor.go:53.47,55.3 1 1
github.com/mcubik/test-project/src/calendar/extractor.go:56.2,58.47 3 1
github.com/mcubik/test-project/src/calendar/extractor.go:58.47,62.3 3 1
github.com/mcubik/test-project/src/calendar/extractor.go:63.2,63.19 1 1
github.com/mcubik/test-project/src/calendar/extractor.go:63.19,65.3 1 1
github.com/mcubik/test-project/src/calendar/extractor.go:66.2,66.26 1 1
github.com/mcubik/test-project/src/calendar/extractor.go:69.158,70.12 1 1
github.com/mcubik/test-project/src/calendar/extractor.go:70.12,71.16 1 1
github.com/mcubik/test-project/src/calendar/extractor.go:71.16,72.32 1 1
github.com/mcubik/test-project/src/calendar/extractor.go:72.32,75.5 1 1
github.com/mcubik/test-project/src/calendar/extractor.go:77.3,78.46 2 1
github.com/mcubik/test-project/src/calendar/extractor.go:82.134,86.33 4 1
github.com/mcubik/test-project/src/calendar/extractor.go:86.33,89.3 2 1
github.com/mcubik/test-project/src/calendar/extractor.go:90.2,92.16 3 1
github.com/mcubik/test-project/src/calendar/extractor.go:92.16,94.3 1 0
github.com/mcubik/test-project/src/calendar/extractor.go:95.2,95.10 1 1
github.com/mcubik/test-project/src/calendar/extractor.go:95.10,98.3 2 1
github.com/mcubik/test-project/src/calendar/extractor.go:99.2,100.16 2 1
github.com/mcubik/test-project/src/calendar/extractor.go:100.16,103.3 2 0
github.com/mcubik/test-project/src/calendar/extractor.go:104.2,107.16 4 1
github.com/mcubik/test-project/src/calendar/extractor.go:107.16,109.3 1 0
github.com/mcubik/test-project/src/calendar/extractor.go:110.2,110.10 1 1
github.com/mcubik/test-project/src/calendar/extractor.go:110.10,113.3 2 0
github.com/mcubik/test-project/src/calendar/extractor.go:114.2,115.42 2 1
github.com/mcubik/test-project/src/calendar/extractor.go:115.42,116.22 1 1
github.com/mcubik/test-project/src/calendar/extractor.go:116.22,119.32 3 0
github.com/mcubik/test-project/src/calendar/extractor.go:121.3,122.56 1 1
github.com/mcubik/test-project/src/calendar/extractor.go:124.2,124.67 1 1
github.com/mcubik/test-project/src/calendar/extractor.go:124.67,127.3 1 1
github.com/mcubik/test-project/src/calendar/extractor.go:128.2,128.20 1 1
github.com/mcubik/test-project/src/calendar/extractor.go:128.20,131.3 2 1
github.com/mcubik/test-project/src/calendar/extractor.go:132.2,132.75 1 1
github.com/mcubik/test-project/src/calendar/extractor.go:132.75,134.3 1 0
github.com/mcubik/test-project/src/calendar/extractor.go:135.2,135.18 1 1
github.com/mcubik/test-project/src/calendar/status.go:25.125,27.2 1 1
github.com/mcubik/test-project/src/calendar/status.go:39.82,41.16 2 1
github.com/mcubik/test-project/src/calendar/status.go:41.16,43.3 1 0
github.com/mcubik/test-project/src/calendar/status.go:44.2,44.20 1 1
github.com/mcubik/test-project/src/calendar/status.go:44.20,46.3 1 1
github.com/mcubik/test-project/src/calendar/status.go:47.2,48.47 2 1
github.com/mcubik/test-project/src/calendar/status.go:48.47,50.3 1 0
github.com/mcubik/test-project/src/calendar/status.go:51.2,51.25 1 1
github.com/mcubik/test-project/src/calendar/status.go:54.78,55.86 1 1
github.com/mcubik/test-project/src/calendar/status.go:55.86,57.3 1 0
github.com/mcubik/test-project/src/calendar/status.go:58.2,58.12 1 1
github.com/mcubik/test-project/src/calendar/status.go:61.94,63.16 2 1
github.com/mcubik/test-project/src/calendar/status.go:63.16,66.3 2 1
github.com/mcubik/test-project/src/calendar/status.go:67.2,67.20 1 1
github.com/mcubik/test-project/src/calendar/status.go:67.20,69.3 1 1
github.com/mcubik/test-project/src/calendar/status.go:70.2,71.45 2 1
github.com/mcubik/test-project/src/calendar/status.go:71.45,73.3 1 1
github.com/mcubik/test-project/src/calendar/status.go:74.2,74.29 1 1
github.com/mcubik/test-project/src/calendar/status.go:74.29,76.3 1 0
github.com/mcubik/test-project/src/calendar/status.go:77.2,77.25 1 1
github.com/mcubik/test-project/src/calendar/status.go:80.102,82.16 2 1
github.com/mcubik/test-project/src/calendar/status.go:82.16,84.3 1 0
github.com/mcubik/test-project/src/calendar/status.go:85.2,87.53 3 1
github.com/mcubik/test-project/src/calendar/status.go:87.53,89.3 1 0
github.com/mcubik/test-project/src/calendar/status.go:90.2,90.23 1 1
github.com/mcubik/test-project/src/calendar/status.go:90.23,92.3 1 0
github.com/mcubik/test-project/src/calendar/status.go:93.2,93.103 1 1
github.com/mcubik/test-project/src/calendar/status.go:93.103,95.3 1 0
github.com/mcubik/test-project/src/calendar/status.go:96.2,96.12 1 1
github.com/mcubik/test-project/src/calendar/status.go:103.80,105.2 1 1
github.com/mcubik/test-project/src/calendar/status.go:107.39,109.2 1 1
github.com/mcubik/test-project/src/calendar/storage.go:48.102,50.2 1 1
github.com/mcubik/test-project/src/calendar/storage.go:52.74,57.2 1 1
github.com/mcubik/test-project/src/calendar/storage.go:60.96,62.2 1 1
github.com/mcubik/test-project/src/calendar/storage.go:65.67,68.45 3 1
github.com/mcubik/test-project/src/calendar/storage.go:68.45,71.17 3 1
github.com/mcubik/test-project/src/calendar/storage.go:71.17,72.67 1 0
github.com/mcubik/test-project/src/calendar/storage.go:74.3,74.19 1 1
github.com/mcubik/test-project/src/calendar/storage.go:76.2,77.45 2 1
github.com/mcubik/test-project/src/calendar/storage.go:77.45,78.59 1 1
github.com/mcubik/test-project/src/calendar/storage.go:78.59,80.4 1 1
github.com/mcubik/test-project/src/calendar/storage.go:82.2,82.12 1 1
github.com/mcubik/test-project/src/calendar/storage.go:93.57,96.2 2 1
github.com/mcubik/test-project/src/calendar/storage.go:99.61,101.46 2 1
github.com/mcubik/test-project/src/calendar/storage.go:101.46,103.17 2 1
github.com/mcubik/test-project/src/calendar/storage.go:103.17,105.4 1 0
github.com/mcubik/test-project/src/calendar/storage.go:106.3,106.16 1 1
github.com/mcubik/test-project/src/calendar/storage.go:108.2,108.19 1 1
github.com/mcubik/test-project/src/calendar/storage.go:118.53,120.16 2 1
github.com/mcubik/test-project/src/calendar/storage.go:120.16,122.3 1 0
github.com/mcubik/test-project/src/calendar/storage.go:123.2,123.16 1 1
github.com/mcubik/test-project/src/calendar/storage.go:126.33,128.2 1 1
github.com/mcubik/test-project/src/calendar/storage.go:130.32,132.2 1 1
github.com/mcubik/test-project/src/calendar/storage.go:134.66,136.2 1 1
github.com/mcubik/test-project/src/calendar/storage.go:138.57,140.16 2 1
github.com/mcubik/test-project/src/calendar/storage.go:140.16,141.36 1 0
github.com/mcubik/test-project/src/calendar/storage.go:143.2,144.49 2 1
github.com/mcubik/test-project/src/calendar/storage.go:144.49,146.49 2 1
github.com/mcubik/test-project/src/calendar/storage.go:146.49,149.4 2 0
github.com/mcubik/test-project/src/calendar/storage.go:150.3,150.73 1 1
github.com/mcubik/test-project/src/calendar/storage.go:152.2,152.12 1 1
github.com/mcubik/test-project/src/calendar/storage.go:155.51,157.2 1 1
github.com/mcubik/test-project/src/calendar/storage.go:170.101,172.16 2 1
github.com/mcubik/test-project/src/calendar/storage.go:172.16,174.3 1 1
github.com/mcubik/test-project/src/calendar/storage.go:175.2,176.16 2 1
github.com/mcubik/test-project/src/calendar/storage.go:176.16,178.3 1 0
github.com/mcubik/test-project/src/calendar/storage.go:179.2,182.84 3 1
github.com/mcubik/test-project/src/calendar/storage.go:182.84,184.25 2 1
github.com/mcubik/test-project/src/calendar/storage.go:184.25,186.18 2 1
github.com/mcubik/test-project/src/calendar/storage.go:186.18,190.5 3 0
github.com/mcubik/test-project/src/calendar/storage.go:191.4,192.53 2 1
github.com/mcubik/test-project/src/calendar/storage.go:192.53,196.5 3 0
github.com/mcubik/test-project/src/calendar/storage.go:197.4,197.44 1 1
github.com/mcubik/test-project/src/calendar/storage.go:197.44,201.5 3 1
github.com/mcubik/test-project/src/calendar/storage.go:202.4,202.53 1 1
github.com/mcubik/test-project/src/calendar/storage.go:202.53,205.5 2 1
github.com/mcubik/test-project/src/calendar/storage.go:208.2,208.37 1 1
github.com/mcubik/test-project/src/calendar/storage.go:208.37,210.3 1 1
github.com/mcubik/test-project/src/calendar/storage.go:211.2,212.12 2 1
github.com/mcubik/test-project/src/calendar/topics.go:25.115,27.2 1 1
github.com/mcubik/test-project/src/calendar/topics.go:29.58,31.16 2 1
github.com/mcubik/test-project/src/calendar/topics.go:31.16,33.3 1 0
github.com/mcubik/test-project/src/calendar/topics.go:34.2,34.20 1 1
github.com/mcubik/test-project/src/calendar/topics.go:37.64,39.16 2 1
github.com/mcubik/test-project/src/calendar/topics.go:39.16,41.3 1 0
github.com/mcubik/test-project/src/calendar/topics.go:42.2,43.20 2 1
github.com/mcubik/test-project/src/calendar/topics.go:43.20,45.3 1 1
github.com/mcubik/test-project/src/calendar/topics.go:46.2,46.47 1 1
github.com/mcubik/test-project/src/calendar/topics.go:46.47,48.3 1 0
github.com/mcubik/test-project/src/calendar/topics.go:49.2,49.20 1 1
github.com/mcubik/test-project/src/calendar/topics.go:52.57,55.16 2 1
github.com/mcubik/test-project/src/calendar/topics.go:55.16,57.3 1 0
github.com/mcubik/test-project/src/calendar/topics.go:58.2,60.16 3 1
github.com/mcubik/test-project/src/calendar/topics.go:60.16,62.3 1 0
github.com/mcubik/test-project/src/calendar/topics.go:63.2,63.27 1 1
github.com/mcubik/test-project/src/calendar/topics.go:63.27,64.17 1 1
github.com/mcubik/test-project/src/calendar/topics.go:64.17,67.4 2 1
github.com/mcubik/test-project/src/calendar/topics.go:69.2,69.54 1 1
github.com/mcubik/test-project/src/calendar/topics.go:69.54,71.3 1 0
github.com/mcubik/test-project/src/calendar/topics.go:72.2,72.12 1 1
github.com/mcubik/test-project/src/calendar/topics.go:75.60,77.16 2 1
github.com/mcubik/test-project/src/calendar/topics.go:77.16,79.3 1 0
github.com/mcubik/test-project/src/calendar/topics.go:80.2,82.16 3 1
github.com/mcubik/test-project/src/calendar/topics.go:82.16,84.3 1 0
github.com/mcubik/test-project/src/calendar/topics.go:85.2,86.27 2 1
github.com/mcubik/test-project/src/calendar/topics.go:86.27,87.17 1 1
github.com/mcubik/test-project/src/calendar/topics.go:87.17,89.4 1 0
github.com/mcubik/test-project/src/calendar/topics.go:91.2,91.33 1 1
github.com/mcubik/test-project/src/calendar/topics.go:91.33,94.3 2 0
github.com/mcubik/test-project/src/calendar/topics.go:95.2,95.40 1 1
github.com/mcubik/test-project/src/calendar/topics.go:95.40,97.3 1 0
github.com/mcubik/test-project/src/calendar/topics.go:98.2,98.12 1 1
github.com/mcubik/test-project/src/calendar/topics.go:101.67,102.71 1 1
github.com/mcubik/test-project/src/calendar/topics.go:102.71,104.3 1 0
github.com/mcubik/test-project/src/calendar/topics.go:105.2,105.12 1 1
github.com/mcubik/test-project/src/calendar/topics.go:108.49,110.2 1 1
github.com/mcubik/test-project/src/collections/queues/kvsdequeuer.go:35.72,37.16 2 1
github.com/mcubik/test-project/src/collections/queues/kvsdequeuer.go:37.16,39.3 1 0
github.com/mcubik/test-project/src/collections/queues/kvsdequeuer.go:40.2,41.34 2 1
github.com/mcubik/test-project/src/collections/queues/kvsdequeuer.go:41.34,43.3 1 1
github.com/mcubik/test-project/src/collections/queues/kvsdequeuer.go:44.2,44.16 1 1
github.com/mcubik/test-project/src/collections/queues/kvsdequeuer.go:48.57,49.15 1 1
github.com/mcubik/test-project/src/collections/queues/kvsdequeuer.go:49.15,50.28 1 1
github.com/mcubik/test-project/src/collections/queues/kvsdequeuer.go:52.2,52.50 1 1
github.com/mcubik/test-project/src/collections/queues/kvsdequeuer.go:56.44,57.15 1 1
github.com/mcubik/test-project/src/collections/queues/kvsdequeuer.go:57.15,58.28 1 1
github.com/mcubik/test-project/src/collections/queues/kvsdequeuer.go:60.2,61.34 2 1
github.com/mcubik/test-project/src/collections/queues/kvsdequeuer.go:61.34,63.3 1 0
github.com/mcubik/test-project/src/collections/queues/kvsdequeuer.go:64.2,64.58 1 1
github.com/mcubik/test-project/src/collections/queues/kvsdequeuer.go:64.58,66.3 1 1
github.com/mcubik/test-project/src/collections/queues/kvsdequeuer.go:67.2,67.12 1 1
github.com/mcubik/test-project/src/collections/queues/kvsdequeuer.go:70.83,71.17 1 1
github.com/mcubik/test-project/src/collections/queues/kvsdequeuer.go:71.17,72.41 1 0
github.com/mcubik/test-project/src/collections/queues/kvsdequeuer.go:74.2,76.31 3 1
github.com/mcubik/test-project/src/collections/queues/kvsdequeuer.go:76.31,79.21 3 1
github.com/mcubik/test-project/src/collections/queues/kvsdequeuer.go:79.21,81.4 1 1
github.com/mcubik/test-project/src/collections/queues/kvsdequeuer.go:82.3,83.21 2 1
github.com/mcubik/test-project/src/collections/queues/kvsdequeuer.go:83.21,85.4 1 1
github.com/mcubik/test-project/src/collections/queues/kvsdequeuer.go:86.3,87.38 2 1
github.com/mcubik/test-project/src/collections/queues/kvsdequeuer.go:87.38,89.4 1 0
github.com/mcubik/test-project/src/collections/queues/kvsdequeuer.go:90.3,90.17 1 1
github.com/mcubik/test-project/src/collections/queues/kvsdequeuer.go:92.2,92.17 1 1
github.com/mcubik/test-project/src/collections/queues/kvsdequeuer.go:96.34,98.16 2 1
github.com/mcubik/test-project/src/collections/queues/kvsdequeuer.go:98.16,99.43 1 1
github.com/mcubik/test-project/src/collections/queues/kvsdequeuer.go:99.43,102.4 2 1
github.com/mcubik/test-project/src/collections/queues/kvsdequeuer.go:103.3,103.40 1 1
github.com/mcubik/test-project/src/collections/queues/kvsdequeuer.go:103.40,105.4 1 0
github.com/mcubik/test-project/src/collections/queues/kvsdequeuer.go:107.2,107.12 1 1
github.com/mcubik/test-project/src/collections/queues/kvsdequeuer.go:111.33,113.2 1 1
github.com/mcubik/test-project/src/collections/queues/kvsdequeuer.go:116.42,117.86 1 1
github.com/mcubik/test-project/src/collections/queues/kvsdequeuer.go:117.86,119.3 1 1
github.com/mcubik/test-project/src/collections/queues/kvsdequeuer.go:120.2,120.12 1 1
github.com/mcubik/test-project/src/collections/queues/kvsdequeuer.go:124.40,126.25 2 1
github.com/mcubik/test-project/src/collections/queues/kvsdequeuer.go:126.25,128.3 1 1
github.com/mcubik/test-project/src/collections/queues/kvsdequeuer.go:128.3,130.3 1 1
github.com/mcubik/test-project/src/collections/queues/kvsdequeuer.go:131.2,132.16 2 1
github.com/mcubik/test-project/src/collections/queues/kvsdequeuer.go:132.16,134.3 1 1
github.com/mcubik/test-project/src/collections/queues/kvsdequeuer.go:135.2,137.12 3 1
github.com/mcubik/test-project/src/collections/queues/kvsdequeuer.go:141.39,143.64 1 1
github.com/mcubik/test-project/src/collections/queues/kvsdequeuer.go:143.64,145.43 2 1
github.com/mcubik/test-project/src/collections/queues/kvsdequeuer.go:145.43,147.4 1 0
github.com/mcubik/test-project/src/collections/queues/kvsdequeuer.go:149.2,149.12 1 1
github.com/mcubik/test-project/src/collections/queues/kvsdequeuer.go:152.37,154.2 1 0
github.com/mcubik/test-project/src/collections/queues/kvsdequeuer.go:157.63,159.31 2 1
github.com/mcubik/test-project/src/collections/queues/kvsdequeuer.go:159.31,161.3 1 1
github.com/mcubik/test-project/src/collections/queues/kvsdequeuer.go:162.2,162.13 1 1
github.com/mcubik/test-project/src/collections/queues/kvsqueues.go:37.30,39.2 1 1
github.com/mcubik/test-project/src/collections/queues/kvsqueues.go:41.41,43.2 1 1
github.com/mcubik/test-project/src/collections/queues/kvsqueues.go:45.55,46.50 1 1
github.com/mcubik/test-project/src/collections/queues/kvsqueues.go:46.50,48.3 1 0
github.com/mcubik/test-project/src/collections/queues/kvsqueues.go:49.2,49.12 1 1
github.com/mcubik/test-project/src/collections/queues/kvsqueues.go:53.136,55.2 1 1
github.com/mcubik/test-project/src/collections/queues/kvsqueues.go:58.53,62.2 3 1
github.com/mcubik/test-project/src/collections/queues/kvsqueues.go:64.40,66.2 1 1
github.com/mcubik/test-project/src/collections/queues/kvsqueues.go:77.61,80.16 3 1
github.com/mcubik/test-project/src/collections/queues/kvsqueues.go:80.16,82.3 1 0
github.com/mcubik/test-project/src/collections/queues/kvsqueues.go:83.2,85.16 3 1
github.com/mcubik/test-project/src/collections/queues/kvsqueues.go:85.16,87.3 1 0
github.com/mcubik/test-project/src/collections/queues/kvsqueues.go:88.2,88.17 1 1
github.com/mcubik/test-project/src/collections/queues/kvsqueues.go:91.69,93.16 2 1
github.com/mcubik/test-project/src/collections/queues/kvsqueues.go:93.16,95.3 1 1
github.com/mcubik/test-project/src/collections/queues/kvsqueues.go:96.2,98.39 3 1
github.com/mcubik/test-project/src/collections/queues/kvsqueues.go:98.39,100.17 2 1
github.com/mcubik/test-project/src/collections/queues/kvsqueues.go:100.17,102.36 2 0
github.com/mcubik/test-project/src/collections/queues/kvsqueues.go:104.3,105.17 2 1
github.com/mcubik/test-project/src/collections/queues/kvsqueues.go:105.17,107.36 2 0
github.com/mcubik/test-project/src/collections/queues/kvsqueues.go:109.3,109.30 1 1
github.com/mcubik/test-project/src/collections/queues/kvsqueues.go:109.30,110.27 1 1
github.com/mcubik/test-project/src/collections/queues/kvsqueues.go:110.27,112.5 1 0
github.com/mcubik/test-project/src/collections/queues/kvsqueues.go:112.5,112.28 1 1
github.com/mcubik/test-project/src/collections/queues/kvsqueues.go:112.28,115.5 2 1
github.com/mcubik/test-project/src/collections/queues/kvsqueues.go:118.2,118.12 1 1
github.com/mcubik/test-project/src/collections/queues/kvsqueues.go:121.84,125.16 4 1
github.com/mcubik/test-project/src/collections/queues/kvsqueues.go:125.16,127.3 1 1
github.com/mcubik/test-project/src/collections/queues/kvsqueues.go:128.2,129.16 2 1
github.com/mcubik/test-project/src/collections/queues/kvsqueues.go:129.16,131.3 1 0
github.com/mcubik/test-project/src/collections/queues/kvsqueues.go:132.2,132.29 1 1
github.com/mcubik/test-project/src/collections/queues/kvsqueues.go:132.29,133.43 1 1
github.com/mcubik/test-project/src/collections/queues/kvsqueues.go:133.43,134.29 1 1
github.com/mcubik/test-project/src/collections/queues/kvsqueues.go:134.29,136.13 2 1
github.com/mcubik/test-project/src/collections/queues/kvsqueues.go:138.4,138.74 1 1
github.com/mcubik/test-project/src/collections/queues/kvsqueues.go:140.3,140.21 1 1
github.com/mcubik/test-project/src/collections/queues/kvsqueues.go:140.21,142.4 1 1
github.com/mcubik/test-project/src/collections/queues/kvsqueues.go:143.3,143.26 1 1
github.com/mcubik/test-project/src/collections/queues/kvsqueues.go:143.26,145.4 1 0
github.com/mcubik/test-project/src/collections/queues/kvsqueues.go:146.3,146.25 1 1
github.com/mcubik/test-project/src/collections/queues/kvsqueues.go:148.2,148.17 1 1
github.com/mcubik/test-project/src/collections/queues/kvsqueues.go:151.50,154.16 3 1
github.com/mcubik/test-project/src/collections/queues/kvsqueues.go:154.16,156.3 1 1
github.com/mcubik/test-project/src/collections/queues/kvsqueues.go:157.2,157.12 1 1
github.com/mcubik/test-project/src/collections/queues/kvsqueues.go:160.43,162.16 2 1
github.com/mcubik/test-project/src/collections/queues/kvsqueues.go:162.16,164.3 1 0
github.com/mcubik/test-project/src/collections/queues/kvsqueues.go:165.2,165.17 1 1
github.com/mcubik/test-project/src/collections/queues/kvsqueues.go:168.42,169.44 1 1
github.com/mcubik/test-project/src/collections/queues/kvsqueues.go:169.44,171.3 1 0
github.com/mcubik/test-project/src/collections/queues/kvsqueues.go:172.2,173.16 2 1
github.com/mcubik/test-project/src/collections/queues/kvsqueues.go:173.16,175.3 1 0
github.com/mcubik/test-project/src/collections/queues/kvsqueues.go:176.2,176.17 1 1
github.com/mcubik/test-project/src/collections/queues/kvsqueues.go:179.32,181.2 1 1
github.com/mcubik/test-project/src/collections/queues/kvsqueues.go:183.72,185.2 1 1
github.com/mcubik/test-project/src/collections/queues/kvsqueues.go:187.99,190.2 2 1
github.com/mcubik/test-project/src/collections/queues/kvsqueues.go:192.48,194.2 1 1
github.com/mcubik/test-project/src/collections/queues/kvsqueues.go:196.47,198.2 1 1
github.com/mcubik/test-project/src/collections/queues/kvsqueues.go:200.78,204.48 4 1
github.com/mcubik/test-project/src/collections/queues/kvsqueues.go:204.48,206.3 1 1
github.com/mcubik/test-project/src/collections/queues/kvsqueues.go:207.2,207.13 1 1
github.com/mcubik/test-project/src/main.go:10.13,13.2 2 0
github.com/mcubik/test-project/src/main.go:15.21,21.12 6 0
github.com/mcubik/test-project/src/main.go:21.12,24.3 2 0
github.com/mcubik/test-project/src/main.go:25.2,25.19 1 0
github.com/mcubik/test-project/src/pusher/pusher.go:59.100,61.27 2 1
github.com/mcubik/test-project/src/pusher/pusher.go:61.27,63.3 1 1
github.com/mcubik/test-project/src/pusher/pusher.go:64.2,67.28 1 1
github.com/mcubik/test-project/src/pusher/pusher.go:71.57,79.2 2 1
github.com/mcubik/test-project/src/pusher/pusher.go:82.83,89.16 5 1
github.com/mcubik/test-project/src/pusher/pusher.go:89.16,90.49 1 1
github.com/mcubik/test-project/src/pusher/pusher.go:90.49,93.71 3 1
github.com/mcubik/test-project/src/pusher/pusher.go:93.71,95.5 1 0
github.com/mcubik/test-project/src/pusher/pusher.go:96.4,96.44 1 1
github.com/mcubik/test-project/src/pusher/pusher.go:97.4,100.4 2 0
github.com/mcubik/test-project/src/pusher/pusher.go:102.2,103.44 2 1
github.com/mcubik/test-project/src/pusher/pusher.go:103.44,106.17 3 1
github.com/mcubik/test-project/src/pusher/pusher.go:106.17,109.4 2 1
github.com/mcubik/test-project/src/pusher/pusher.go:110.3,112.27 2 1
github.com/mcubik/test-project/src/pusher/pusher.go:112.27,113.68 1 1
github.com/mcubik/test-project/src/pusher/pusher.go:113.68,115.5 1 0
github.com/mcubik/test-project/src/pusher/pusher.go:116.4,118.4 1 1
github.com/mcubik/test-project/src/pusher/pusher.go:119.3,119.43 1 1
github.com/mcubik/test-project/src/pusher/pusher.go:121.2,121.17 1 1
github.com/mcubik/test-project/src/pusher/pusher.go:125.88,134.78 7 1
github.com/mcubik/test-project/src/pusher/pusher.go:134.78,137.48 3 1
github.com/mcubik/test-project/src/pusher/pusher.go:137.48,139.27 2 1
github.com/mcubik/test-project/src/pusher/pusher.go:139.27,142.5 1 1
github.com/mcubik/test-project/src/pusher/pusher.go:143.4,143.137 1 0
github.com/mcubik/test-project/src/pusher/pusher.go:144.4,151.4 2 1
github.com/mcubik/test-project/src/pusher/pusher.go:152.3,152.13 1 1
github.com/mcubik/test-project/src/pusher/pusher.go:153.21,156.3 2 1
github.com/mcubik/test-project/src/pusher/pusher.go:157.2,158.16 2 1
github.com/mcubik/test-project/src/pusher/pusher.go:158.16,160.3 1 1
github.com/mcubik/test-project/src/pusher/pusher.go:161.2,161.18 1 1
github.com/mcubik/test-project/src/pusher/pusher.go:165.51,170.12 5 1
github.com/mcubik/test-project/src/pusher/pusher.go:170.12,171.16 1 1
github.com/mcubik/test-project/src/pusher/pusher.go:171.16,172.32 1 0
github.com/mcubik/test-project/src/pusher/pusher.go:172.32,174.5 1 0
github.com/mcubik/test-project/src/pusher/pusher.go:176.3,176.7 1 1
github.com/mcubik/test-project/src/pusher/pusher.go:176.7,177.11 1 1
github.com/mcubik/test-project/src/pusher/pusher.go:178.20,179.12 1 0
github.com/mcubik/test-project/src/pusher/pusher.go:180.16,183.11 3 0
github.com/mcubik/test-project/src/pusher/pusher.go:186.3,186.37 1 0
github.com/mcubik/test-project/src/pusher/pusher.go:188.2,188.11 1 1
github.com/mcubik/test-project/src/pusher/pusher.go:191.66,193.2 1 1
github.com/mcubik/test-project/src/pusher/pusher.go:197.24,200.15 3 1
github.com/mcubik/test-project/src/pusher/pusher.go:200.15,201.31 1 1
github.com/mcubik/test-project/src/pusher/pusher.go:201.31,203.4 1 0
github.com/mcubik/test-project/src/pusher/pusher.go:205.2,208.16 4 1
github.com/mcubik/test-project/src/pusher/pusher.go:208.16,209.58 1 0
github.com/mcubik/test-project/src/pusher/pusher.go:211.2,213.31 3 1
github.com/mcubik/test-project/src/pusher/pusher.go:213.31,214.25 1 1
github.com/mcubik/test-project/src/pusher/pusher.go:214.25,218.18 4 1
github.com/mcubik/test-project/src/pusher/pusher.go:218.18,221.5 1 0
github.com/mcubik/test-project/src/pusher/pusher.go:221.5,224.5 2 1
github.com/mcubik/test-project/src/pusher/pusher.go:225.4,225.13 1 1
github.com/mcubik/test-project/src/pusher/pusher.go:228.2,229.37 2 1
github.com/mcubik/test-project/src/pusher/pusher.go:233.61,235.16 2 1
github.com/mcubik/test-project/src/pusher/pusher.go:235.16,236.58 1 0
github.com/mcubik/test-project/src/pusher/pusher.go:238.2,238.31 1 1
github.com/mcubik/test-project/src/pusher/pusher.go:238.31,241.3 2 1
github.com/mcubik/test-project/src/pusher/pusher.go:245.57,247.2 1 1
github.com/mcubik/test-project/src/pusher/pusher.go:255.80,261.48 6 1
github.com/mcubik/test-project/src/pusher/pusher.go:261.48,262.54 1 0
github.com/mcubik/test-project/src/pusher/pusher.go:262.54,264.4 1 0
github.com/mcubik/test-project/src/pusher/pusher.go:265.3,266.66 2 0
github.com/mcubik/test-project/src/pusher/pusher.go:268.2,268.12 1 1
github.com/mcubik/test-project/src/pusher/pusher.go:272.58,275.16 3 1
github.com/mcubik/test-project/src/pusher/pusher.go:275.16,278.3 2 1
github.com/mcubik/test-project/src/pusher/pusher.go:279.2,279.15 1 1
github.com/mcubik/test-project/src/pusher/pusher.go:283.68,288.2 1 1
github.com/mcubik/test-project/src/pusher/pusher.go:290.40,292.2 1 1
github.com/mcubik/test-project/src/pusher/pusher.go:294.43,296.2 1 1
github.com/mcubik/test-project/src/pusher/pusher.go:299.63,303.41 3 1
github.com/mcubik/test-project/src/pusher/pusher.go:303.41,309.3 1 1
github.com/mcubik/test-project/src/pusher/pusher.go:309.3,312.3 1 0
github.com/mcubik/test-project/src/pusher/tracker.go:16.60,18.48 2 1
github.com/mcubik/test-project/src/pusher/tracker.go:18.48,20.3 1 1
github.com/mcubik/test-project/src/pusher/tracker.go:21.2,21.16 1 1
github.com/mcubik/test-project/src/pusher/tracker.go:21.16,23.3 1 1
github.com/mcubik/test-project/src/pusher/tracker.go:24.2,24.38 1 1
github.com/mcubik/test-project/src/pusher/tracker.go:28.61,30.2 1 1
github.com/mcubik/test-project/src/scheduler/partitions.go:56.123,59.2 1 1
github.com/mcubik/test-project/src/scheduler/partitions.go:62.67,63.53 1 1
github.com/mcubik/test-project/src/scheduler/partitions.go:63.53,65.24 2 1
github.com/mcubik/test-project/src/scheduler/partitions.go:65.24,66.12 1 1
github.com/mcubik/test-project/src/scheduler/partitions.go:68.3,68.9 1 1
github.com/mcubik/test-project/src/scheduler/partitions.go:68.9,70.4 1 0
github.com/mcubik/test-project/src/scheduler/partitions.go:71.3,72.73 2 1
github.com/mcubik/test-project/src/scheduler/partitions.go:72.73,77.4 4 1
github.com/mcubik/test-project/src/scheduler/partitions.go:79.2,79.19 1 1
github.com/mcubik/test-project/src/scheduler/partitions.go:83.41,85.2 1 1
github.com/mcubik/test-project/src/scheduler/partitions.go:87.73,91.2 3 1
github.com/mcubik/test-project/src/scheduler/partitions.go:93.59,95.2 1 1
github.com/mcubik/test-project/src/scheduler/partitions.go:97.62,99.40 2 1
github.com/mcubik/test-project/src/scheduler/partitions.go:99.40,100.15 1 1
github.com/mcubik/test-project/src/scheduler/partitions.go:100.15,102.4 1 1
github.com/mcubik/test-project/src/scheduler/partitions.go:104.2,104.19 1 1
github.com/mcubik/test-project/src/scheduler/partitions.go:107.75,108.37 1 1
github.com/mcubik/test-project/src/scheduler/partitions.go:108.37,110.3 1 1
github.com/mcubik/test-project/src/scheduler/partitions.go:111.2,112.52 2 1
github.com/mcubik/test-project/src/scheduler/partitions.go:115.57,117.2 1 1
github.com/mcubik/test-project/src/scheduler/partitions.go:119.41,121.2 1 1
github.com/mcubik/test-project/src/scheduler/partitions.go:123.38,125.2 1 1
github.com/mcubik/test-project/src/scheduler/partitions.go:127.43,129.2 1 1
github.com/mcubik/test-project/src/scheduler/partitions.go:138.119,140.2 1 1
github.com/mcubik/test-project/src/scheduler/partitions.go:142.72,143.32 1 1
github.com/mcubik/test-project/src/scheduler/partitions.go:143.32,144.36 1 1
github.com/mcubik/test-project/src/scheduler/partitions.go:144.36,146.4 1 1
github.com/mcubik/test-project/src/scheduler/partitions.go:148.3,149.28 2 1
github.com/mcubik/test-project/src/scheduler/partitions.go:151.2,152.72 2 1
github.com/mcubik/test-project/src/scheduler/partitions.go:152.72,157.3 4 1
github.com/mcubik/test-project/src/scheduler/partitions.go:158.2,158.19 1 0
github.com/mcubik/test-project/src/scheduler/partitions.go:161.78,165.2 3 1
github.com/mcubik/test-project/src/scheduler/partitions.go:167.80,169.2 1 1
github.com/mcubik/test-project/src/scheduler/partitions.go:171.67,172.32 1 1
github.com/mcubik/test-project/src/scheduler/partitions.go:172.32,174.3 1 0
github.com/mcubik/test-project/src/scheduler/partitions.go:175.2,175.41 1 1
github.com/mcubik/test-project/src/scheduler/partitions.go:178.62,180.2 1 1
github.com/mcubik/test-project/src/scheduler/partitions.go:182.64,183.32 1 1
github.com/mcubik/test-project/src/scheduler/partitions.go:183.32,185.3 1 0
github.com/mcubik/test-project/src/scheduler/partitions.go:186.2,186.10 1 1
github.com/mcubik/test-project/src/scheduler/router.go:40.121,42.2 1 1
github.com/mcubik/test-project/src/scheduler/router.go:45.72,48.35 3 1
github.com/mcubik/test-project/src/scheduler/router.go:48.35,50.3 1 1
github.com/mcubik/test-project/src/scheduler/router.go:51.2,55.16 5 1
github.com/mcubik/test-project/src/scheduler/router.go:55.16,57.3 1 1
github.com/mcubik/test-project/src/scheduler/router.go:59.2,60.14 2 1
github.com/mcubik/test-project/src/scheduler/router.go:60.14,62.3 1 0
github.com/mcubik/test-project/src/scheduler/router.go:63.2,64.120 1 1
github.com/mcubik/test-project/src/scheduler/router.go:64.120,66.3 1 1
github.com/mcubik/test-project/src/scheduler/router.go:67.2,69.16 2 1
github.com/mcubik/test-project/src/scheduler/router.go:74.107,77.16 3 1
github.com/mcubik/test-project/src/scheduler/router.go:77.16,79.3 1 1
github.com/mcubik/test-project/src/scheduler/router.go:80.2,80.21 1 1
github.com/mcubik/test-project/src/scheduler/scheduler.go:52.136,56.2 3 1
github.com/mcubik/test-project/src/scheduler/scheduler.go:59.79,66.36 7 1
github.com/mcubik/test-project/src/scheduler/scheduler.go:66.36,69.3 2 1
github.com/mcubik/test-project/src/scheduler/scheduler.go:70.2,70.106 1 1
github.com/mcubik/test-project/src/scheduler/scheduler.go:70.106,72.3 1 1
github.com/mcubik/test-project/src/scheduler/scheduler.go:73.2,73.59 1 1
github.com/mcubik/test-project/src/scheduler/scheduler.go:73.59,75.3 1 1
github.com/mcubik/test-project/src/scheduler/scheduler.go:77.2,80.12 2 1
github.com/mcubik/test-project/src/scheduler/scheduler.go:84.54,85.28 1 1
github.com/mcubik/test-project/src/scheduler/scheduler.go:85.28,87.3 1 1
github.com/mcubik/test-project/src/scheduler/scheduler.go:88.2,91.12 4 1
github.com/mcubik/test-project/src/scheduler/scheduler.go:94.56,96.2 1 1
github.com/mcubik/test-project/src/scheduler/scheduler.go:99.60,101.2 1 1
github.com/mcubik/test-project/src/scheduler/scheduler.go:105.56,107.2 1 1
github.com/mcubik/test-project/src/scheduler/scheduler.go:110.58,112.2 1 1
github.com/mcubik/test-project/src/scheduler/scheduler.go:133.192,135.20 2 1
github.com/mcubik/test-project/src/scheduler/scheduler.go:135.20,137.3 1 1
github.com/mcubik/test-project/src/scheduler/scheduler.go:137.3,139.3 1 1
github.com/mcubik/test-project/src/scheduler/scheduler.go:140.2,152.27 3 1
github.com/mcubik/test-project/src/scheduler/scheduler.go:156.35,162.2 3 1
github.com/mcubik/test-project/src/scheduler/scheduler.go:165.87,166.6 1 1
github.com/mcubik/test-project/src/scheduler/scheduler.go:166.6,167.10 1 1
github.com/mcubik/test-project/src/scheduler/scheduler.go:168.33,172.10 4 1
github.com/mcubik/test-project/src/scheduler/scheduler.go:173.19,174.11 1 1
github.com/mcubik/test-project/src/scheduler/scheduler.go:174.11,175.18 1 1
github.com/mcubik/test-project/src/scheduler/scheduler.go:175.18,176.34 1 1
github.com/mcubik/test-project/src/scheduler/scheduler.go:176.34,178.7 1 0
github.com/mcubik/test-project/src/scheduler/scheduler.go:180.5,180.63 1 1
github.com/mcubik/test-project/src/scheduler/scheduler.go:180.63,182.6 1 0
github.com/mcubik/test-project/src/scheduler/scheduler.go:189.81,190.6 1 1
github.com/mcubik/test-project/src/scheduler/scheduler.go:190.6,191.10 1 1
github.com/mcubik/test-project/src/scheduler/scheduler.go:191.10,192.17 1 1
github.com/mcubik/test-project/src/scheduler/scheduler.go:192.17,193.33 1 1
github.com/mcubik/test-project/src/scheduler/scheduler.go:193.33,195.6 1 0
github.com/mcubik/test-project/src/scheduler/scheduler.go:197.4,197.11 1 1
github.com/mcubik/test-project/src/scheduler/scheduler.go:198.34,201.11 3 1
github.com/mcubik/test-project/src/scheduler/scheduler.go:202.20,204.62 2 1
github.com/mcubik/test-project/src/scheduler/scheduler.go:204.62,206.6 1 0
github.com/mcubik/test-project/src/scheduler/scheduler.go:213.61,218.9 5 1
github.com/mcubik/test-project/src/scheduler/scheduler.go:218.9,221.17 2 1
github.com/mcubik/test-project/src/scheduler/scheduler.go:221.17,223.4 1 0
github.com/mcubik/test-project/src/scheduler/scheduler.go:224.3,229.58 6 1
github.com/mcubik/test-project/src/scheduler/scheduler.go:231.2,233.12 3 1
github.com/mcubik/test-project/src/scheduler/scheduler.go:236.55,238.51 2 1
github.com/mcubik/test-project/src/scheduler/scheduler.go:238.51,239.36 1 1
github.com/mcubik/test-project/src/scheduler/scheduler.go:239.36,241.4 1 1
github.com/mcubik/test-project/src/scheduler/scheduler.go:243.2,243.40 1 1
github.com/mcubik/test-project/src/scheduler/scheduler.go:247.60,248.49 1 1
github.com/mcubik/test-project/src/scheduler/scheduler.go:248.49,250.3 1 0
github.com/mcubik/test-project/src/scheduler/scheduler.go:251.2,254.16 4 1
github.com/mcubik/test-project/src/scheduler/scheduler.go:254.16,256.3 1 0
github.com/mcubik/test-project/src/scheduler/scheduler.go:257.2,257.22 1 1
github.com/mcubik/test-project/src/scheduler/scheduler.go:257.22,260.3 2 1
github.com/mcubik/test-project/src/scheduler/scheduler.go:261.2,261.62 1 1
github.com/mcubik/test-project/src/scheduler/scheduler.go:261.62,263.3 1 0
github.com/mcubik/test-project/src/scheduler/scheduler.go:264.2,265.12 2 1
github.com/mcubik/test-project/src/scheduler/scheduler.go:269.73,272.67 3 1
github.com/mcubik/test-project/src/scheduler/scheduler.go:272.67,273.79 1 1
github.com/mcubik/test-project/src/scheduler/scheduler.go:273.79,276.9 3 1
github.com/mcubik/test-project/src/scheduler/scheduler.go:279.2,279.19 1 1
github.com/mcubik/test-project/src/scheduler/scheduler.go:279.19,281.3 1 0
github.com/mcubik/test-project/src/scheduler/scheduler.go:282.2,286.12 5 1
github.com/mcubik/test-project/src/scheduler/scheduler.go:290.58,294.69 4 1
github.com/mcubik/test-project/src/scheduler/scheduler.go:294.69,295.77 1 1
github.com/mcubik/test-project/src/scheduler/scheduler.go:295.77,297.4 1 0
github.com/mcubik/test-project/src/scheduler/scheduler.go:299.2,299.12 1 1
github.com/mcubik/test-project/src/scheduler/scheduler.go:303.72,305.50 2 1
github.com/mcubik/test-project/src/scheduler/scheduler.go:305.50,306.15 1 1
github.com/mcubik/test-project/src/scheduler/scheduler.go:306.15,308.4 1 1
github.com/mcubik/test-project/src/scheduler/scheduler.go:310.2,310.19 1 1
github.com/mcubik/test-project/src/scheduler/scheduler.go:314.36,319.2 4 1
github.com/mcubik/test-project/src/scheduler/scheduler.go:328.54,330.12 2 1
github.com/mcubik/test-project/src/scheduler/scheduler.go:330.12,332.7 2 1
github.com/mcubik/test-project/src/scheduler/scheduler.go:332.7,333.11 1 1
github.com/mcubik/test-project/src/scheduler/scheduler.go:334.71,335.27 1 1
github.com/mcubik/test-project/src/scheduler/scheduler.go:336.27,337.11 1 1
github.com/mcubik/test-project/src/scheduler/scheduler.go:339.4,339.67 1 1
github.com/mcubik/test-project/src/scheduler/scheduler.go:342.2,342.16 1 1
github.com/mcubik/test-project/src/scheduler/scheduler.go:346.36,348.2 1 1
github.com/mcubik/test-project/src/test/calendar/assert/assert.go:13.132,14.31 1 1
github.com/mcubik/test-project/src/test/calendar/assert/assert.go:14.31,16.36 2 1
github.com/mcubik/test-project/src/test/calendar/assert/assert.go:16.36,19.41 1 1
github.com/mcubik/test-project/src/test/calendar/assert/assert.go:19.41,21.5 1 1
github.com/mcubik/test-project/src/test/calendar/assert/assert.go:23.3,23.100 1 0
github.com/mcubik/test-project/src/test/calendar/calendar.go:11.44,13.2 1 1
github.com/mcubik/test-project/src/test/calendar/calendar.go:20.137,21.14 1 1
github.com/mcubik/test-project/src/test/calendar/calendar.go:21.14,23.3 1 1
github.com/mcubik/test-project/src/test/calendar/calendar.go:24.2,25.41 2 1
github.com/mcubik/test-project/src/test/calendar/calendar.go:28.40,29.2 0 0
github.com/mcubik/test-project/src/test/calendar/calendar.go:31.70,33.2 1 0
github.com/mcubik/test-project/src/test/calendar/calendar.go:35.50,35.67 1 0
github.com/mcubik/test-project/src/test/channels/channels.go:18.67,19.13 1 1
github.com/mcubik/test-project/src/test/channels/channels.go:19.13,21.3 1 1
github.com/mcubik/test-project/src/test/channels/channels.go:22.2,23.24 2 1
github.com/mcubik/test-project/src/test/channels/channels.go:23.24,25.3 1 1
github.com/mcubik/test-project/src/test/channels/channels.go:26.2,27.12 2 1
github.com/mcubik/test-project/src/test/channels/channels.go:30.80,33.2 2 1
github.com/mcubik/test-project/src/test/channels/channels.go:35.53,36.16 1 1
github.com/mcubik/test-project/src/test/channels/channels.go:36.16,38.3 1 1
github.com/mcubik/test-project/src/test/channels/channels.go:39.2,40.12 2 1
github.com/mcubik/test-project/src/test/channels/channels.go:43.48,46.2 2 1
github.com/mcubik/test-project/src/test/channels/channels.go:48.51,50.2 1 1
github.com/mcubik/test-project/src/test/channels/channels.go:52.48,55.2 1 1
github.com/mcubik/test-project/src/test/channels/channels.go:63.98,64.31 1 1
github.com/mcubik/test-project/src/test/channels/channels.go:64.31,66.3 1 0
github.com/mcubik/test-project/src/test/channels/channels.go:67.2,68.43 2 1
github.com/mcubik/test-project/src/test/channels/channels.go:68.43,71.3 2 1
github.com/mcubik/test-project/src/test/channels/channels.go:72.2,72.37 1 1
github.com/mcubik/test-project/src/test/channels/channels.go:75.104,76.31 1 1
github.com/mcubik/test-project/src/test/channels/channels.go:76.31,78.3 1 1
github.com/mcubik/test-project/src/test/channels/channels.go:79.2,80.43 2 1
github.com/mcubik/test-project/src/test/channels/channels.go:80.43,83.3 2 1
github.com/mcubik/test-project/src/test/channels/channels.go:84.2,84.37 1 1
github.com/mcubik/test-project/src/test/counter/memorycounter/memorycounter.go:10.62,12.2 1 1
github.com/mcubik/test-project/src/test/counter/memorycounter/memorycounter.go:14.39,15.2 0 0
github.com/mcubik/test-project/src/test/counter/memorycounter/memorycounter.go:17.49,19.2 1 1
github.com/mcubik/test-project/src/test/counter/memorycounter/memorycounter.go:25.41,27.2 1 0
github.com/mcubik/test-project/src/test/counter/memorycounter/memorycounter.go:29.51,31.2 1 1
github.com/mcubik/test-project/src/test/counter/memorycounter/memorycounter.go:33.54,35.2 1 1
github.com/mcubik/test-project/src/test/kvs/kvs.go:9.56,22.2 12 1
github.com/mcubik/test-project/src/test/kvs/memorykvs/memorykvs.go:37.28,39.2 1 1
github.com/mcubik/test-project/src/test/kvs/memorykvs/memorykvs.go:41.29,43.2 1 1
github.com/mcubik/test-project/src/test/kvs/memorykvs/memorykvs.go:45.52,49.2 3 1
github.com/mcubik/test-project/src/test/kvs/memorykvs/memorykvs.go:51.29,53.2 1 1
github.com/mcubik/test-project/src/test/kvs/memorykvs/memorykvs.go:55.26,57.2 1 1
github.com/mcubik/test-project/src/test/kvs/memorykvs/memorykvs.go:59.64,61.2 1 1
github.com/mcubik/test-project/src/test/kvs/memorykvs/memorykvs.go:63.98,67.2 2 1
github.com/mcubik/test-project/src/test/kvs/memorykvs/memorykvs.go:69.69,71.2 1 1
github.com/mcubik/test-project/src/test/kvs/memorykvs/memorykvs.go:73.54,75.2 1 0
github.com/mcubik/test-project/src/test/kvs/memorykvs/memorykvs.go:77.74,80.2 2 0
github.com/mcubik/test-project/src/test/kvs/memorykvs/memorykvs.go:82.70,83.47 1 1
github.com/mcubik/test-project/src/test/kvs/memorykvs/memorykvs.go:83.47,84.36 1 1
github.com/mcubik/test-project/src/test/kvs/memorykvs/memorykvs.go:84.36,86.4 1 1
github.com/mcubik/test-project/src/test/kvs/memorykvs/memorykvs.go:88.2,91.34 4 1
github.com/mcubik/test-project/src/test/kvs/memorykvs/memorykvs.go:91.34,92.50 1 1
github.com/mcubik/test-project/src/test/kvs/memorykvs/memorykvs.go:92.50,95.52 3 0
github.com/mcubik/test-project/src/test/kvs/memorykvs/memorykvs.go:98.2,100.12 3 1
github.com/mcubik/test-project/src/test/kvs/memorykvs/memorykvs.go:103.60,104.50 1 1
github.com/mcubik/test-project/src/test/kvs/memorykvs/memorykvs.go:104.50,105.36 1 1
github.com/mcubik/test-project/src/test/kvs/memorykvs/memorykvs.go:105.36,107.4 1 1
github.com/mcubik/test-project/src/test/kvs/memorykvs/memorykvs.go:109.2,114.29 6 1
github.com/mcubik/test-project/src/test/kvs/memorykvs/memorykvs.go:114.29,116.3 1 1
github.com/mcubik/test-project/src/test/kvs/memorykvs/memorykvs.go:117.2,117.43 1 1
github.com/mcubik/test-project/src/test/kvs/memorykvs/memorykvs.go:120.45,122.2 1 1
github.com/mcubik/test-project/src/test/kvs/memorykvs/memorykvs.go:124.62,126.2 1 1
github.com/mcubik/test-project/src/test/kvs/memorykvs/memorykvs.go:128.61,130.2 1 1
github.com/mcubik/test-project/src/test/kvs/memorykvs/memorykvs.go:132.42,134.2 1 1
github.com/mcubik/test-project/src/test/kvs/memorykvs/memorykvs.go:136.49,138.2 1 1
github.com/mcubik/test-project/src/test/kvs/memorykvs/memorykvs.go:140.42,143.2 2 1
github.com/mcubik/test-project/src/test/kvs/memorykvs/memorykvs.go:145.69,146.18 1 1
github.com/mcubik/test-project/src/test/kvs/memorykvs/memorykvs.go:146.18,147.27 1 1
github.com/mcubik/test-project/src/test/kvs/memorykvs/memorykvs.go:149.2,149.26 1 1
github.com/mcubik/test-project/src/test/kvs/memorykvs/memorykvs.go:149.26,151.3 1 1
github.com/mcubik/test-project/src/test/kvs/memorykvs/memorykvs.go:152.2,155.33 4 1
github.com/mcubik/test-project/src/test/kvs/memorykvs/memorykvs.go:155.33,158.3 2 1
github.com/mcubik/test-project/src/test/kvs/memorykvs/memorykvs.go:159.2,159.19 1 1
github.com/mcubik/test-project/src/test/kvs/memorykvs/memorykvs.go:162.45,166.2 3 1
github.com/mcubik/test-project/src/test/kvs/memorykvs/memorykvs.go:168.41,170.2 1 0
github.com/mcubik/test-project/src/test/kvs/memorykvs/memorykvs.go:172.61,176.2 1 1
github.com/mcubik/test-project/src/test/kvs/memorykvs/memorykvs.go:178.42,180.2 1 1
github.com/mcubik/test-project/src/test/kvs/memorykvs/memorykvs.go:184.36,186.2 1 0
github.com/mcubik/test-project/src/test/kvs/memorykvs/memorykvs.go:188.37,190.2 1 1
github.com/mcubik/test-project/src/test/kvs/memorykvs/memorykvs.go:192.37,194.2 1 0
github.com/mcubik/test-project/src/test/kvs/memorykvs/memorykvs.go:196.60,198.2 1 1
github.com/mcubik/test-project/src/test/locking/memorylock/memorylock.go:20.48,22.2 1 1
github.com/mcubik/test-project/src/test/locking/memorylock/memorylock.go:24.84,27.2 2 0
github.com/mcubik/test-project/src/test/locking/memorylock/memorylock.go:29.73,33.2 3 1
github.com/mcubik/test-project/src/test/locking/memorylock/memorylock.go:35.87,39.2 3 0
github.com/mcubik/test-project/src/test/locking/memorylock/memorylock.go:41.71,45.2 1 1
github.com/mcubik/test-project/src/test/locking/memorylock/memorylock.go:47.52,49.2 1 1
github.com/mcubik/test-project/src/test/locking/memorylock/memorylock.go:51.53,53.2 1 1
github.com/mcubik/test-project/src/test/locking/memorylock/memorylock.go:55.37,59.2 3 1
github.com/mcubik/test-project/src/test/locking/memorylock/memorylock.go:61.39,63.2 1 1
github.com/mcubik/test-project/src/test/locking/memorylock/memorylock.go:65.36,67.2 1 1
github.com/mcubik/test-project/src/test/pusher/pusher.go:17.38,19.2 1 1
github.com/mcubik/test-project/src/test/pusher/pusher.go:21.46,23.2 1 0
github.com/mcubik/test-project/src/test/pusher/pusher.go:25.74,26.16 1 1
github.com/mcubik/test-project/src/test/pusher/pusher.go:26.16,28.6 1 1
github.com/mcubik/test-project/src/test/pusher/pusher.go:29.2,29.15 1 1
github.com/mcubik/test-project/src/test/pusher/pusher.go:29.15,33.3 3 1
github.com/mcubik/test-project/src/test/pusher/pusher.go:34.2,34.12 1 1
github.com/mcubik/test-project/src/test/queues/queues.go:24.42,26.2 1 1
github.com/mcubik/test-project/src/test/queues/queues.go:28.63,30.2 1 1
github.com/mcubik/test-project/src/test/queues/queues.go:32.56,42.2 9 1
github.com/mcubik/test-project/src/test/queues/queues.go:44.44,47.26 3 1
github.com/mcubik/test-project/src/test/queues/queues.go:47.26,49.3 1 1
github.com/mcubik/test-project/src/test/queues/queues.go:50.2,51.26 2 1
github.com/mcubik/test-project/src/test/queues/queues.go:51.26,59.3 7 1
github.com/mcubik/test-project/src/test/queues/queues.go:60.2,64.23 5 1
github.com/mcubik/test-project/src/test/queues/queues.go:64.23,64.42 1 1
github.com/mcubik/test-project/src/test/queues/queues.go:66.2,66.23 1 1
github.com/mcubik/test-project/src/test/queues/queues.go:66.23,66.52 1 1
github.com/mcubik/test-project/src/test/queues/queues.go:70.108,72.35 1 1
github.com/mcubik/test-project/src/test/queues/queues.go:72.35,75.45 3 1
github.com/mcubik/test-project/src/test/queues/queues.go:75.45,77.4 1 1
github.com/mcubik/test-project/src/test/queues/queues.go:79.2,79.72 1 0
github.com/mcubik/test-project/src/test/requests/requests.go:17.109,29.26 8 1
github.com/mcubik/test-project/src/test/requests/requests.go:29.26,31.3 1 1
github.com/mcubik/test-project/src/test/requests/requests.go:31.3,33.3 1 0
github.com/mcubik/test-project/src/test/requests/requests.go:35.2,35.94 1 1
github.com/mcubik/test-project/src/test/simulation/simulation.go:13.56,17.2 1 0
github.com/mcubik/test-project/src/test/simulation/simulation.go:19.37,21.2 1 0
github.com/mcubik/test-project/total.go:25.13,31.2 5 1
github.com/mcubik/test-project/total.go:33.13,38.16 5 0
github.com/mcubik/test-project/total.go:38.16,39.26 1 0
github.com/mcubik/test-project/total.go:39.26,40.67 1 0
github.com/mcubik/test-project/total.go:42.3,42.32 1 0
github.com/mcubik/test-project/total.go:43.3,44.55 1 0
github.com/mcubik/test-project/total.go:44.55,45.57 1 0
github.com/mcubik/test-project/total.go:47.3,47.22 1 0
github.com/mcubik/test-project/total.go:50.2,51.16 2 0
github.com/mcubik/test-project/total.go:51.16,54.3 2 0
github.com/mcubik/test-project/total.go:55.2,57.35 3 0
github.com/mcubik/test-project/total.go:57.35,60.47 3 0
github.com/mcubik/test-project/total.go:60.47,61.46 1 0
github.com/mcubik/test-project/total.go:61.46,63.5 1 0
github.com/mcubik/test-project/total.go:65.3,65.11 1 0
github.com/mcubik/test-project/total.go:65.11,66.12 1 0
github.com/mcubik/test-project/total.go:68.3,69.10 2 0
github.com/mcubik/test-project/total.go:69.10,72.4 2 0
github.com/mcubik/test-project/total.go:73.3,73.40 1 0
github.com/mcubik/test-project/total.go:73.40,76.4 2 0
github.com/mcubik/test-project/total.go:79.2,84.27 4 0
github.com/mcubik/test-project/total.go:84.27,86.3 1 0
github.com/mcubik/test-project/total.go:87.2,90.19 3 0
github.com/mcubik/test-project/total.go:90.19,91.31 1 0
github.com/mcubik/test-project/total.go:91.31,92.42 1 0
github.com/mcubik/test-project/total.go:92.42,94.5 1 0
github.com/mcubik/test-project/total.go:96.3,96.30 1 0
github.com/mcubik/test-project/total.go:96.30,97.41 1 0
github.com/mcubik/test-project/total.go:97.41,99.5 1 0
github.com/mcubik/test-project/total.go:104.83,106.30 2 0
github.com/mcubik/test-project/total.go:106.30,108.3 1 0
github.com/mcubik/test-project/total.go:109.2,109.34 1 0
github.com/mcubik/test-project/total.go:109.34,109.46 1 0
github.com/mcubik/test-project/total.go:110.2,110.21 1 0
github.com/mcubik/test-project/total.go:110.21,111.34 1 0
github.com/mcubik/test-project/total.go:111.34,111.47 1 0
github.com/mcubik/test-project/total.go:113.2,113.24 1 0
github.com/mcubik/test-project/total.go:113.24,115.3 1 0
github.com/mcubik/test-project/total.go:115.3,115.28 1 0
github.com/mcubik/test-project/total.go:115.28,116.40 1 0
github.com/mcubik/test-project/total.go:116.40,118.4 1 0
github.com/mcubik/test-project/total.go:119.3,119.27 1 0
github.com/mcubik/test-project/total.go:119.27,120.40 1 0
github.com/mcubik/test-project/total.go:120.40,122.4 1 0
github.com/mcubik/test-project/total.go:123.3,123.37 1 0
github.com/mcubik/test-project/total.go:123.37,124.40 1 0
github.com/mcubik/test-project/total.go:124.40,126.4 1 0
github.com/mcubik/test-project/total.go:127.3,127.37 1 0
github.com/mcubik/test-project/total.go:127.37,128.40 1 0
github.com/mcubik/test-project/total.go:128.40,130.4 1 0
github.com/mcubik/test-project/total.go:131.3,132.60 1 0
github.com/mcubik/test-project/total.go:134.2,134.13 1 0
github.com/mcubik/test-project/total.go:142.40,144.2 1 0
github.com/mcubik/test-project/total.go:146.39,148.2 1 0
github.com/mcubik/test-project/total.go:150.40,152.2 1 0
github.com/mcubik/test-project/total.go:154.39,156.2 1 0
github.com/mcubik/test-project/total.go:158.55,161.21 3 0
github.com/mcubik/test-project/total.go:161.21,164.3 2 0
github.com/mcubik/test-project/total.go:167.38,176.2 1 0
