mode: set
github.com/mcubik/goverreport/main.go:33.13,39.2 5 1
github.com/mcubik/goverreport/main.go:41.13,46.16 3 0
github.com/mcubik/goverreport/main.go:50.2,51.16 2 0
github.com/mcubik/goverreport/main.go:55.2,55.13 1 0
github.com/mcubik/goverreport/main.go:46.16,49.3 2 0
github.com/mcubik/goverreport/main.go:51.16,54.3 2 0
github.com/mcubik/goverreport/main.go:55.13,57.3 1 0
github.com/mcubik/goverreport/main.go:61.80,64.23 1 0
github.com/mcubik/goverreport/main.go:67.2,67.25 1 0
github.com/mcubik/goverreport/main.go:71.2,72.16 2 0
github.com/mcubik/goverreport/main.go:75.2,77.16 3 0
github.com/mcubik/goverreport/main.go:80.2,80.20 1 0
github.com/mcubik/goverreport/main.go:64.23,66.3 1 0
github.com/mcubik/goverreport/main.go:67.25,69.3 1 0
github.com/mcubik/goverreport/main.go:72.16,74.3 1 0
github.com/mcubik/goverreport/main.go:77.16,79.3 1 0
github.com/mcubik/goverreport/main.go:84.57,89.16 3 0
github.com/mcubik/goverreport/main.go:98.2,98.18 1 0
github.com/mcubik/goverreport/main.go:89.16,90.26 1 0
github.com/mcubik/goverreport/main.go:90.26,92.4 1 0
github.com/mcubik/goverreport/main.go:93.8,94.53 1 0
github.com/mcubik/goverreport/main.go:94.53,96.4 1 0
github.com/mcubik/goverreport/main.go:104.91,105.19 1 0
github.com/mcubik/goverreport/main.go:119.2,119.18 1 0
github.com/mcubik/goverreport/main.go:105.19,106.17 1 0
github.com/mcubik/goverreport/main.go:107.16,108.39 1 0
github.com/mcubik/goverreport/main.go:111.15,112.38 1 0
github.com/mcubik/goverreport/main.go:115.11,116.77 1 0
github.com/mcubik/goverreport/main.go:108.39,110.5 1 0
github.com/mcubik/goverreport/main.go:112.38,114.5 1 0
github.com/mcubik/goverreport/report/report.go:28.114,30.16 2 1
github.com/mcubik/goverreport/report/report.go:33.2,35.35 3 1
github.com/mcubik/goverreport/report/report.go:49.2,49.48 1 1
github.com/mcubik/goverreport/report/report.go:30.16,32.3 1 1
github.com/mcubik/goverreport/report/report.go:35.35,37.39 2 1
github.com/mcubik/goverreport/report/report.go:40.3,41.10 2 1
github.com/mcubik/goverreport/report/report.go:46.3,47.35 2 1
github.com/mcubik/goverreport/report/report.go:37.39,38.12 1 0
github.com/mcubik/goverreport/report/report.go:41.10,45.4 2 1
github.com/mcubik/goverreport/report/report.go:53.57,54.16 1 1
github.com/mcubik/goverreport/report/report.go:54.16,56.3 1 1
github.com/mcubik/goverreport/report/report.go:56.8,58.3 1 0
github.com/mcubik/goverreport/report/report.go:61.60,62.39 1 1
github.com/mcubik/goverreport/report/report.go:67.2,67.14 1 1
github.com/mcubik/goverreport/report/report.go:62.39,63.45 1 0
github.com/mcubik/goverreport/report/report.go:63.45,65.4 1 0
github.com/mcubik/goverreport/report/report.go:71.106,73.34 2 1
github.com/mcubik/goverreport/report/report.go:76.2,76.64 1 1
github.com/mcubik/goverreport/report/report.go:79.2,81.27 1 1
github.com/mcubik/goverreport/report/report.go:73.34,75.3 1 1
github.com/mcubik/goverreport/report/report.go:76.64,78.3 1 0
github.com/mcubik/goverreport/report/report.go:91.53,94.21 3 1
github.com/mcubik/goverreport/report/report.go:94.21,97.3 2 1
github.com/mcubik/goverreport/report/report.go:100.59,101.31 1 1
github.com/mcubik/goverreport/report/report.go:101.31,103.3 1 1
github.com/mcubik/goverreport/report/report.go:107.41,116.2 1 1
github.com/mcubik/goverreport/report/report.go:121.70,124.15 3 1
github.com/mcubik/goverreport/report/report.go:132.2,132.14 1 1
github.com/mcubik/goverreport/report/report.go:156.2,156.42 1 1
github.com/mcubik/goverreport/report/report.go:163.2,163.12 1 1
github.com/mcubik/goverreport/report/report.go:125.13,126.18 1 1
github.com/mcubik/goverreport/report/report.go:127.14,128.17 1 1
github.com/mcubik/goverreport/report/report.go:129.10,130.56 1 1
github.com/mcubik/goverreport/report/report.go:133.18,134.29 1 1
github.com/mcubik/goverreport/report/report.go:137.15,138.29 1 1
github.com/mcubik/goverreport/report/report.go:141.14,142.29 1 1
github.com/mcubik/goverreport/report/report.go:145.24,146.29 1 1
github.com/mcubik/goverreport/report/report.go:149.23,150.29 1 1
github.com/mcubik/goverreport/report/report.go:153.10,154.113 1 1
github.com/mcubik/goverreport/report/report.go:134.29,136.4 1 1
github.com/mcubik/goverreport/report/report.go:138.29,140.4 1 1
github.com/mcubik/goverreport/report/report.go:142.29,144.4 1 1
github.com/mcubik/goverreport/report/report.go:146.29,148.4 1 1
github.com/mcubik/goverreport/report/report.go:150.29,152.4 1 1
github.com/mcubik/goverreport/report/report.go:156.42,157.14 1 1
github.com/mcubik/goverreport/report/report.go:157.14,159.4 1 1
github.com/mcubik/goverreport/report/report.go:159.9,161.4 1 1
github.com/mcubik/goverreport/report/view.go:10.50,15.44 3 0
github.com/mcubik/goverreport/report/view.go:18.2,19.16 2 0
github.com/mcubik/goverreport/report/view.go:15.44,17.3 1 0
github.com/mcubik/goverreport/report/view.go:24.34,33.2 1 0
github.com/mcubik/goverreport/report/report.go:28.114,30.16 2 1
github.com/mcubik/goverreport/report/report.go:33.2,35.35 3 1
github.com/mcubik/goverreport/report/report.go:49.2,49.48 1 1
github.com/mcubik/goverreport/report/report.go:30.16,32.3 1 0
github.com/mcubik/goverreport/report/report.go:35.35,37.39 2 1
github.com/mcubik/goverreport/report/report.go:40.3,41.10 2 1
github.com/mcubik/goverreport/report/report.go:46.3,47.35 2 1
github.com/mcubik/goverreport/report/report.go:37.39,38.12 1 0
github.com/mcubik/goverreport/report/report.go:41.10,45.4 2 1
github.com/mcubik/goverreport/report/report.go:53.57,54.16 1 1
github.com/mcubik/goverreport/report/report.go:54.16,56.3 1 1
github.com/mcubik/goverreport/report/report.go:56.8,58.3 1 0
github.com/mcubik/goverreport/report/report.go:61.60,62.39 1 1
github.com/mcubik/goverreport/report/report.go:67.2,67.14 1 1
github.com/mcubik/goverreport/report/report.go:62.39,63.45 1 0
github.com/mcubik/goverreport/report/report.go:63.45,65.4 1 0
github.com/mcubik/goverreport/report/report.go:71.106,73.34 2 1
github.com/mcubik/goverreport/report/report.go:76.2,76.64 1 1
github.com/mcubik/goverreport/report/report.go:79.2,81.27 1 1
github.com/mcubik/goverreport/report/report.go:73.34,75.3 1 1
github.com/mcubik/goverreport/report/report.go:76.64,78.3 1 0
github.com/mcubik/goverreport/report/report.go:91.53,94.21 3 1
github.com/mcubik/goverreport/report/report.go:94.21,97.3 2 1
github.com/mcubik/goverreport/report/report.go:100.59,101.31 1 1
github.com/mcubik/goverreport/report/report.go:101.31,103.3 1 1
github.com/mcubik/goverreport/report/report.go:107.41,116.2 1 1
github.com/mcubik/goverreport/report/report.go:121.70,124.15 3 1
github.com/mcubik/goverreport/report/report.go:132.2,132.14 1 1
github.com/mcubik/goverreport/report/report.go:156.2,156.42 1 1
github.com/mcubik/goverreport/report/report.go:163.2,163.12 1 1
github.com/mcubik/goverreport/report/report.go:125.13,126.18 1 1
github.com/mcubik/goverreport/report/report.go:127.14,128.17 1 0
github.com/mcubik/goverreport/report/report.go:129.10,130.56 1 0
github.com/mcubik/goverreport/report/report.go:133.18,134.29 1 1
github.com/mcubik/goverreport/report/report.go:137.15,138.29 1 0
github.com/mcubik/goverreport/report/report.go:141.14,142.29 1 0
github.com/mcubik/goverreport/report/report.go:145.24,146.29 1 0
github.com/mcubik/goverreport/report/report.go:149.23,150.29 1 0
github.com/mcubik/goverreport/report/report.go:153.10,154.113 1 0
github.com/mcubik/goverreport/report/report.go:134.29,136.4 1 1
github.com/mcubik/goverreport/report/report.go:138.29,140.4 1 0
github.com/mcubik/goverreport/report/report.go:142.29,144.4 1 0
github.com/mcubik/goverreport/report/report.go:146.29,148.4 1 0
github.com/mcubik/goverreport/report/report.go:150.29,152.4 1 0
github.com/mcubik/goverreport/report/report.go:156.42,157.14 1 1
github.com/mcubik/goverreport/report/report.go:157.14,159.4 1 0
github.com/mcubik/goverreport/report/report.go:159.9,161.4 1 1
github.com/mcubik/goverreport/report/view.go:10.50,15.44 3 1
github.com/mcubik/goverreport/report/view.go:18.2,19.16 2 1
github.com/mcubik/goverreport/report/view.go:15.44,17.3 1 1
github.com/mcubik/goverreport/report/view.go:24.34,33.2 1 1
github.com/mcubik/goverreport/main.go:33.13,39.2 5 1
github.com/mcubik/goverreport/main.go:41.13,46.16 3 0
github.com/mcubik/goverreport/main.go:50.2,51.16 2 0
github.com/mcubik/goverreport/main.go:55.2,55.13 1 0
github.com/mcubik/goverreport/main.go:46.16,49.3 2 0
github.com/mcubik/goverreport/main.go:51.16,54.3 2 0
github.com/mcubik/goverreport/main.go:55.13,57.3 1 0
github.com/mcubik/goverreport/main.go:61.80,64.23 1 1
github.com/mcubik/goverreport/main.go:67.2,67.25 1 1
github.com/mcubik/goverreport/main.go:71.2,72.16 2 1
github.com/mcubik/goverreport/main.go:75.2,77.16 3 1
github.com/mcubik/goverreport/main.go:80.2,80.20 1 1
github.com/mcubik/goverreport/main.go:64.23,66.3 1 1
github.com/mcubik/goverreport/main.go:67.25,69.3 1 1
github.com/mcubik/goverreport/main.go:72.16,74.3 1 0
github.com/mcubik/goverreport/main.go:77.16,79.3 1 1
github.com/mcubik/goverreport/main.go:84.57,89.16 3 1
github.com/mcubik/goverreport/main.go:98.2,98.18 1 1
github.com/mcubik/goverreport/main.go:89.16,90.26 1 1
github.com/mcubik/goverreport/main.go:90.26,92.4 1 0
github.com/mcubik/goverreport/main.go:93.8,94.53 1 1
github.com/mcubik/goverreport/main.go:94.53,96.4 1 0
github.com/mcubik/goverreport/main.go:104.91,105.19 1 1
github.com/mcubik/goverreport/main.go:119.2,119.18 1 1
github.com/mcubik/goverreport/main.go:105.19,106.17 1 1
github.com/mcubik/goverreport/main.go:107.16,108.39 1 1
github.com/mcubik/goverreport/main.go:111.15,112.38 1 1
github.com/mcubik/goverreport/main.go:115.11,116.77 1 1
github.com/mcubik/goverreport/main.go:108.39,110.5 1 1
github.com/mcubik/goverreport/main.go:112.38,114.5 1 0
